2001:1a30::/48
2001:1a30:c000::/48
2001:3fc0:800::/40
2001:3fc1:8000::/36
2001:3fc2:8000::/36
2001:3fc3:4800::/40
2001:3fc3:5800::/40
2001:3fc3:a800::/40
2001:3fc5:840::/44
2001:3fc5:880::/44
2001:3fc5:8c0::/44
2001:3fc6:100::/48
2001:3fc6:8::/45
2001:41d0::/32
2001:43ff:d000::/48
2001:4450:40::/48
2001:4457:ff0::/48
2001:4546:1003::/48
2001:4878:151::/48
2001:4878:164::/48
2001:4878:166::/48
2001:4878:173::/48
2001:4878:1e0::/44
2001:4878:2007::/48
2001:4878:2031::/48
2001:4878:2037::/48
2001:4878:2048::/48
2001:4878:204::/48
2001:4878:2055::/48
2001:4878:2062::/47
2001:4878:2068::/48
2001:4878:2151::/48
2001:4878:215::/48
2001:4878:2164::/48
2001:4878:2166::/48
2001:4878:216::/48
2001:4878:2173::/48
2001:4878:21e0::/44
2001:4878:2204::/48
2001:4878:2215::/48
2001:4878:2216::/48
2001:4878:2225::/48
2001:4878:2228::/48
2001:4878:225::/48
2001:4878:228::/48
2001:4878:2321::/48
2001:4878:2322::/47
2001:4878:2347::/48
2001:4878:242::/48
2001:4878:3068::/48
2001:4878:31::/48
2001:4878:321::/48
2001:4878:322::/47
2001:4878:347::/48
2001:4878:37::/48
2001:4878:39::/48
2001:4878:4001::/48
2001:4878:4003::/48
2001:4878:4007::/48
2001:4878:4031::/48
2001:4878:4037::/48
2001:4878:4055::/48
2001:4878:4062::/47
2001:4878:4164::/48
2001:4878:4173::/48
2001:4878:41e0::/44
2001:4878:4215::/48
2001:4878:4216::/48
2001:4878:4225::/48
2001:4878:4321::/48
2001:4878:4322::/47
2001:4878:4347::/48
2001:4878:48::/48
2001:4878:62::/47
2001:4878:68::/48
2001:4878:7::/48
2001:4878:8007::/48
2001:4878:8031::/48
2001:4878:8037::/48
2001:4878:8048::/48
2001:4878:8062::/47
2001:4878:8068::/48
2001:4878:8151::/48
2001:4878:8164::/48
2001:4878:8166::/48
2001:4878:8173::/48
2001:4878:81e0::/44
2001:4878:8204::/48
2001:4878:8215::/48
2001:4878:8216::/48
2001:4878:8225::/48
2001:4878:8228::/48
2001:4878:8321::/48
2001:4878:8322::/47
2001:4878:8347::/48
2001:4878:a007::/48
2001:4878:a031::/48
2001:4878:a037::/48
2001:4878:a048::/48
2001:4878:a062::/48
2001:4878:a151::/48
2001:4878:a166::/48
2001:4878:a173::/48
2001:4878:a215::/48
2001:4878:a216::/48
2001:4878:a225::/48
2001:4878:a228::/48
2001:4878:a321::/48
2001:4878:a322::/47
2001:4878:a347::/48
2001:4878:b007::/48
2001:4878:b031::/48
2001:4878:b037::/48
2001:4878:b048::/48
2001:4878:b151::/48
2001:4878:b166::/48
2001:4878:b173::/48
2001:4878:b216::/48
2001:4878:b225::/48
2001:4878:b228::/48
2001:4878:b347::/48
2001:4878:c007::/48
2001:4878:c031::/48
2001:4878:c037::/48
2001:4878:c048::/48
2001:4878:c062::/47
2001:4878:c164::/48
2001:4878:c173::/48
2001:4878:c1e0::/44
2001:4878:c204::/48
2001:4878:c215::/48
2001:4878:c216::/48
2001:4878:c225::/48
2001:4878:c228::/48
2001:4878:c254::/48
2001:4878:c270::/47
2001:4878:c274::/46
2001:4878:c321::/48
2001:4878:c322::/47
2001:4878:c347::/48
2001:4c08:2026::/48
2001:4f8:11::/48
2001:4f8:2::/48
2001:4f8:b::/48
2001:4f8:fe08::/45
2001:57a:102::/47
2001:678:105c::/48
2001:678:264::/48
2001:678:890::/48
2001:678:934::/48
2001:678:f64::/48
2001:67c:12b4::/48
2001:67c:144::/48
2001:67c:2c3c::/48
2001:67c:2ccc::/48
2001:67c:4e8::/48
2001:67c:b4::/48
2001:67c:bf0::/48
2001:67c:e0c::/48
2001:b28:f23c::/47
2001:b28:f23f::/48
2001:c38:500a::/48
2001:dc1::/48
2001:df1:6e80::/48
2001:df2:b740::/48
2001:df2:f8c0::/48
2001:df3:5580::/48
2001:df3:aac0::/48
2001:df4:4c40::/48
2001:df5:1440::/48
2001:df5:fd40::/48
2400:6180:100::/40
2400:6180:10::/48
2400:6180::/48
2400:6500::/32
2400:6680:f000::/36
2400:6700::/32
2400:7aa0:2703::/48
2400:7aa0:2704::/46
2400:7aa0:2708::/45
2400:8901::/32
2400:8902::/32
2400:8904::/31
2400:8907::/32
2400:9920::/32
2400:a4a0:100::/47
2400:a4a0:115::/48
2400:a4a0:1::/48
2400:a4a0:30::/48
2400:a4a0:40::/47
2400:a4a0:42::/48
2400:a4a0:90::/48
2400:a4a0:a100::/48
2400:a4a0:aaa2::/47
2400:a4a0:aaa4::/47
2400:a4a0:b100::/48
2400:cb00::/32
2401:1d80:3000::/43
2401:1d80:3020::/44
2401:1d80:3030::/45
2401:1d80:3100::/43
2401:1d80:3120::/44
2401:1d80:3130::/45
2401:1d80:3200::/43
2401:1d80:3220::/44
2401:1d80:3230::/45
2401:1d80:3300::/43
2401:1d80:3320::/44
2401:1d80:3330::/45
2401:1d80:4000::/43
2401:1d80:4020::/45
2401:1d80:4030::/46
2401:1d80:4100::/43
2401:1d80:4120::/45
2401:1d80:4130::/46
2401:1d80:4200::/43
2401:1d80:4220::/45
2401:1d80:4230::/46
2401:1d80:4300::/43
2401:1d80:4320::/45
2401:1d80:4330::/46
2401:1d80:5008::/46
2401:1d80:5024::/46
2401:1d80:5108::/46
2401:1d80:5124::/46
2401:1d80:5208::/46
2401:1d80:5224::/46
2401:1d80:5308::/46
2401:1d80:5324::/46
2401:1d80:6008::/46
2401:1d80:601c::/46
2401:1d80:6108::/46
2401:1d80:611c::/46
2401:1d80:6208::/46
2401:1d80:621c::/46
2401:1d80:6308::/46
2401:1d80:631c::/46
2401:73c0:4::/48
2401:cb60:2::/48
2401:cb60:6::/48
2401:cb60:8::/48
2401:cb60::/47
2401:df00:301::/48
2401:df00:331::/48
2401:df00:341::/48
2401:df00:351::/48
2401:df00:421::/48
2402:1f00::/32
2402:2500:20a0::/46
2402:2500:20a4::/48
2403:5f40:ca05::/48
2403:b300::/32
2403:c780:7203::/48
2403:e040:c000::/34
2404:4e00:101::/48
2404:4e00:102::/48
2404:4e00:104::/47
2404:4e00:2000::/48
2404:4e00:200::/45
2404:4e00:208::/48
2404:4e00:4::/46
2404:4e00:8000::/48
2404:4e00:c000::/48
2404:c800:8203::/48
2405:8100::/32
2405:9600::/32
2405:b500::/32
2405:ba00:8701::/48
2406:3000:35::/48
2406:da00::/24
2407:30c0:100::/44
2407:30c0:110::/46
2407:30c0:200::/45
2407:30c0:208::/48
2407:30c0:20a::/47
2407:30c0:20c::/46
2407:30c0:211::/48
2407:30c0:212::/47
2407:30c0:214::/46
2407:30c0:218::/46
2407:a6c0:318::/48
2600:1400::/24
2600:1f00::/24
2600:2000:2100::/42
2600:2000:2200::/42
2600:2000:2240::/43
2600:2003::/48
2600:2004:1000::/38
2600:2004:2000::/39
2600:2004:2800::/39
2600:2004::/39
2600:2005:2000::/36
2600:2005::/36
2600:2006:4000::/35
2600:2006::/35
2600:200c:1000::/39
2600:200c:2000::/40
2600:200c:2800::/40
2600:200c::/40
2600:200d::/36
2600:200e::/35
2600:3c00::/29
2600:3c08::/30
2600:3c0c::/31
2600:3c0e::/32
2600:3c0f:10::/47
2600:3c0f:14::/46
2600:3c0f:18::/47
2600:3c0f:20::/45
2600:3c0f:28::/47
2600:3c0f:2::/47
2600:3c0f:30::/48
2600:3c0f:32::/48
2600:3c0f:34::/47
2600:3c0f:37::/48
2600:3c0f:38::/48
2600:3c0f:40::/45
2600:3c0f:48::/47
2600:3c0f:4::/48
2600:3c0f:50::/46
2600:3c0f:56::/47
2600:3c0f:6::/47
2600:3c0f:9::/48
2600:3c11::/32
2600:3c12:100::/40
2600:3c12:300::/40
2600:3c12:400::/38
2600:3c12:800::/38
2600:3c12:c00::/39
2600:3c12:e00::/40
2600:3c13::/32
2600:3c14::/30
2600:3c18::/30
2600:3c1f:106::/48
2600:3c1f:2::/48
2600:9000::/28
2600:f000::/24
2601:1700:e100::/40
2601:1904:1141::/48
2601:1904:1142::/47
2601:1904:1144::/46
2601:1904:1148::/46
2601:1904:114c::/47
2601:1904:114e::/48
2601:1904:1181::/48
2601:1904:1182::/47
2601:1904:1184::/46
2601:1904:1188::/46
2601:1904:118c::/47
2601:1904:118e::/48
2601:5000:400::/44
2601:6000:1000::/48
2601:6000:1400::/47
2601:6000:2000::/48
2601:6000:2800::/47
2601:6000:3000::/48
2601:6000:3800::/47
2601:6000:800::/47
2601:6000:806::/48
2601:6000:808::/48
2601:6000::/47
2601:9200:34::/48
2601:9200:80::/48
2601:9201:13::/48
2602:277:d02::/47
2602:277:f00::/48
2602:29e:a1::/48
2602:802:2007::/48
2602:802:2008::/48
2602:808:4001::/48
2602:808:4002::/48
2602:808:7000::/44
2602:80a:2001::/48
2602:80a:2002::/48
2602:80a:2005::/48
2602:80a:2006::/47
2602:80a:200c::/48
2602:80a:2018::/48
2602:80c:4::/48
2602:80c::/47
2602:80c:a::/48
2602:80f:9000::/46
2602:810:400b::/48
2602:810:6009::/48
2602:812:b000::/47
2602:812:b002::/48
2602:815:3003::/48
2602:817:4::/48
2602:817:7::/48
2602:817::/46
2602:f517:a::/48
2602:f542::/48
2602:f628:80::/45
2602:f628:88::/47
2602:f628:8::/47
2602:f628::/45
2602:f669::/48
2602:f6dc:4::/48
2602:f6fc::/40
2602:f702:222::/48
2602:f742:82::/48
2602:f742:bf::/48
2602:f805:258::/48
2602:f805:261::/48
2602:f805:4c::/48
2602:f805:7b2::/48
2602:f805:959::/48
2602:f805:cd9::/48
2602:f805:ef::/48
2602:f848::/40
2602:f8d4:6::/47
2602:f8d4:8::/47
2602:f8d4:a::/48
2602:f957:a00::/48
2602:f95b:1::/48
2602:f95d:10::/46
2602:f95d::/44
2602:f960:d0::/48
2602:f97a::/48
2602:f99c:200::/48
2602:fa28:6a::/48
2602:fa36:4::/46
2602:fa36:8::/47
2602:fa66::/36
2602:fa6b::/40
2602:faca:100::/48
2602:fb08::/40
2602:fb10:40::/46
2602:fb10:44::/47
2602:fb10:46::/48
2602:fb10:50::/47
2602:fb10:60::/48
2602:fb10:70::/48
2602:fb10:72::/47
2602:fb10:80::/46
2602:fb10:90::/48
2602:fb10:a0::/47
2602:fb10:b0::/48
2602:fb10:c0::/47
2602:fb10:d0::/47
2602:fb10:e0::/47
2602:fb10:e6::/48
2602:fb10:f0::/48
2602:fb2a:d0::/46
2602:fb33:8::/47
2602:fb33::/47
2602:fb6a:110::/46
2602:fb6a:114::/48
2602:fb7b:3f::/48
2602:fba8:f00::/48
2602:fc8b:a1::/48
2602:fca7:12::/47
2602:fcd8:7::/48
2602:fcd8::/48
2602:fcde::/36
2602:fd12::/48
2602:fd3a:224::/47
2602:fd3a:228::/46
2602:fd3a:22c::/47
2602:fd3a:22e::/48
2602:fd40:ca1::/48
2602:fdaa:10::/48
2602:fdaa:20::/47
2602:fdaa:30::/47
2602:fdaa:40::/47
2602:fdaa:70::/47
2602:fdaa:80::/48
2602:fdaa:a0::/48
2602:fdaa:b0::/48
2602:fdeb:14::/48
2602:fdeb:1::/48
2602:fdeb:4::/47
2602:fe40::/47
2603:5004:100::/48
2603:5004:10::/46
2603:5004:110::/48
2603:5004:120::/48
2603:5004:130::/48
2603:5004:140::/48
2603:5004:150::/48
2603:5004:180::/48
2603:5004:190::/48
2603:5004:1d0::/48
2603:5004:2000::/46
2603:5004:2010::/46
2603:5004:2020::/48
2603:5004:2030::/48
2603:5004:2040::/48
2603:5004:2050::/48
2603:5004:2060::/48
2603:5004:2070::/48
2603:5004:2080::/48
2603:5004:2090::/48
2603:5004:20::/48
2603:5004:20a0::/48
2603:5004:20b0::/48
2603:5004:20c0::/48
2603:5004:20d0::/48
2603:5004:20e0::/48
2603:5004:20f0::/48
2603:5004:2100::/48
2603:5004:2110::/48
2603:5004:2120::/48
2603:5004:2130::/48
2603:5004:2140::/48
2603:5004:2150::/48
2603:5004:2180::/48
2603:5004:2190::/48
2603:5004:21d0::/48
2603:5004:30::/48
2603:5004:40::/48
2603:5004:50::/48
2603:5004:60::/48
2603:5004:70::/48
2603:5004:80::/48
2603:5004:90::/48
2603:5004::/46
2603:5004:a0::/48
2603:5004:b0::/48
2603:5004:c0::/48
2603:5004:d0::/48
2603:5004:e0::/48
2603:5004:f0::/48
2603:c000:2000::/38
2603:c000:2400::/39
2603:c000:2700::/40
2603:c000:2800::/39
2603:c000:2b00::/40
2603:c000:2c00::/40
2603:c000:2e00::/39
2603:c000:3000::/37
2603:c000:3800::/38
2603:c000:3c00::/40
2603:c000::/35
2603:c001:4000::/37
2603:c001:4800::/38
2603:c001:4e00::/39
2603:c001:5000::/38
2603:c001:5600::/39
2603:c001:5800::/39
2603:c001:5c00::/38
2603:c001:6000::/36
2603:c001:7000::/37
2603:c001:7800::/39
2603:c001::/34
2603:c002:2000::/39
2603:c002:2200::/40
2603:c002:2300::/43
2603:c002:2400::/43
2603:c002:2500::/43
2603:c002:2700::/40
2603:c002:2800::/40
2603:c002:2900::/43
2603:c002:2b00::/40
2603:c002:2c00::/40
2603:c002:2e00::/43
2603:c002:2f00::/40
2603:c002:3000::/43
2603:c002:3100::/43
2603:c002:3200::/39
2603:c002:3400::/43
2603:c002:3500::/40
2603:c002:3600::/39
2603:c002:3800::/38
2603:c002:3c00::/40
2603:c002:8000::/35
2603:c002::/35
2603:c002:a000::/39
2603:c002:a200::/43
2603:c002:a300::/43
2603:c002:a400::/40
2603:c002:a500::/43
2603:c002:a700::/40
2603:c002:a800::/40
2603:c002:a900::/43
2603:c002:ab00::/40
2603:c002:ac00::/40
2603:c002:ae00::/43
2603:c002:af00::/40
2603:c002:b000::/43
2603:c002:b100::/43
2603:c002:b200::/39
2603:c002:b400::/43
2603:c002:b500::/40
2603:c002:b600::/39
2603:c002:b800::/38
2603:c002:bc00::/40
2603:c010:2000::/36
2603:c010:4000::/36
2603:c010:6000::/36
2603:c010:8000::/36
2603:c010::/36
2603:c010:a000::/36
2603:c010:c000::/36
2603:c010:e000::/36
2603:c011:2000::/36
2603:c011:4000::/36
2603:c011:6000::/36
2603:c011:8000::/36
2603:c011::/36
2603:c011:a000::/36
2603:c011:c000::/36
2603:c011:e000::/36
2603:c012:2000::/36
2603:c012:4000::/36
2603:c012:6000::/36
2603:c012:8000::/36
2603:c012::/36
2603:c012:a000::/36
2603:c012:c000::/36
2603:c012:e000::/36
2603:c013:2000::/36
2603:c013:4000::/36
2603:c013:6000::/36
2603:c013:8000::/36
2603:c013::/36
2603:c013:a000::/36
2603:c013:c000::/36
2603:c013:e000::/36
2603:c014:2000::/36
2603:c014::/36
2603:c015:2000::/36
2603:c016:2000::/36
2603:c017:2000::/36
2603:c018:2000::/36
2603:c018:6000::/36
2603:c018:8000::/36
2603:c018:a000::/36
2603:c018:e000::/36
2603:c019:4000::/36
2603:c019:6000::/36
2603:c019:8000::/36
2603:c019::/36
2603:c019:a000::/36
2603:c019:c000::/36
2603:c019:e000::/36
2603:c01a:2000::/36
2603:c01a:4000::/36
2603:c01a:6000::/36
2603:c01a:8000::/36
2603:c01a::/36
2603:c01a:a000::/36
2603:c01a:c000::/36
2603:c01a:e000::/36
2603:c01b::/36
2603:c020:4000::/35
2603:c020:8000::/35
2603:c020::/35
2603:c020:c000::/35
2603:c021:4000::/35
2603:c021:8000::/35
2603:c021::/35
2603:c021:c000::/35
2603:c022:4000::/35
2603:c022:8000::/35
2603:c022::/35
2603:c022:c000::/35
2603:c023:4000::/35
2603:c023:8000::/35
2603:c023::/35
2603:c023:c000::/35
2603:c024:4000::/35
2603:c024:8000::/35
2603:c024::/35
2603:c024:c000::/35
2603:c025:4000::/35
2603:c025:8000::/35
2603:c025::/35
2603:c025:c000::/35
2603:c026:4000::/35
2603:c026:8000::/35
2603:c026::/35
2603:c026:c000::/35
2603:c027:4000::/35
2603:c027:8000::/35
2603:c027::/35
2603:c027:c000::/35
2603:c028:4000::/35
2603:c028:8000::/35
2603:c028::/35
2603:c029:4000::/35
2603:c029:8000::/35
2603:c02a:8000::/35
2603:c02b:4000::/35
2603:c02b:8000::/35
2603:c02b::/35
2603:c02c:4000::/35
2603:c02c::/35
2603:c02c:c000::/35
2603:c02d:4000::/35
2603:c02d:8000::/35
2603:c02d::/35
2603:c02d:c000::/35
2603:c02e:4000::/35
2603:c02e:8000::/35
2603:c02e::/35
2603:c02e:c000::/35
2603:c02f:4000::/35
2603:c02f:8000::/35
2603:c02f::/35
2603:c02f:c000::/35
2603:c030:4000::/35
2603:c030::/35
2603:c040:1000::/38
2603:c040:2000::/39
2603:c040:2800::/39
2603:c040::/39
2603:c041:2000::/36
2603:c041::/36
2603:c042:4000::/35
2603:c042::/35
2603:c048:1000::/38
2603:c048:2000::/39
2603:c048:2800::/39
2603:c048::/39
2603:c049:2000::/36
2603:c049::/36
2603:c04a:4000::/35
2603:c04a::/35
2603:c04c:1000::/38
2603:c04c:2000::/43
2603:c04c:2100::/43
2603:c04c:2800::/43
2603:c04c:2900::/43
2603:c04c::/39
2603:c04d:2000::/36
2603:c04d::/36
2603:c04e:4000::/35
2603:c04e::/35
2603:c050:1000::/39
2603:c050:2000::/40
2603:c050:2800::/40
2603:c050::/40
2603:c051::/36
2603:c052::/35
2603:c054:1000::/38
2603:c054:2000::/39
2603:c054:2800::/39
2603:c054::/39
2603:c055:2000::/36
2603:c055::/36
2603:c056:4000::/35
2603:c056::/35
2603:c058:1000::/39
2603:c058:2000::/40
2603:c058:2800::/40
2603:c058::/40
2603:c059::/36
2603:c05a::/35
2603:c05c:1000::/38
2603:c05c:2000::/39
2603:c05c:2800::/39
2603:c05c::/39
2603:c05d:2000::/36
2603:c05d::/36
2603:c05e:4000::/35
2603:c05e::/35
2603:c060:1000::/38
2603:c060:2000::/39
2603:c060:2800::/39
2603:c060::/39
2603:c061:2000::/36
2603:c061::/36
2603:c062:4000::/35
2603:c062::/35
2603:c064:1000::/39
2603:c064:2000::/40
2603:c064:2800::/40
2603:c065::/36
2603:c066::/35
2603:c068:1000::/39
2603:c068:2000::/40
2603:c068:2800::/40
2603:c068::/40
2603:c069::/36
2603:c06a::/35
2603:c06c:1000::/39
2603:c06c:2000::/40
2603:c06c:2800::/40
2603:c06c::/40
2603:c06d::/36
2603:c06e::/35
2603:c080:1000::/38
2603:c080:1400::/39
2603:c080:2000::/39
2603:c080:200::/40
2603:c080:2200::/40
2603:c080:2800::/39
2603:c080:2a00::/40
2603:c080::/39
2603:c081:2000::/36
2603:c081:4000::/36
2603:c081::/36
2603:c082:4000::/35
2603:c082:8000::/35
2603:c082::/35
2603:c088:1000::/38
2603:c088:2000::/39
2603:c088:2800::/39
2603:c088::/39
2603:c089:2000::/36
2603:c089::/36
2603:c08a:4000::/35
2603:c08a::/35
2603:c08c:1000::/38
2603:c08c:2000::/39
2603:c08c:2800::/39
2603:c08c::/39
2603:c08d:2000::/36
2603:c08d::/36
2603:c08e:4000::/35
2603:c08e::/35
2603:c09c:1000::/38
2603:c09c:2000::/39
2603:c09c:2800::/39
2603:c09c::/39
2603:c09d:2000::/36
2603:c09d::/36
2603:c09e:4000::/35
2603:c09e::/35
2603:c0bc:1000::/38
2603:c0bc:2000::/39
2603:c0bc:2800::/39
2603:c0bc::/39
2603:c0bd:2000::/36
2603:c0bd::/36
2603:c0be:4000::/35
2603:c0be::/35
2603:c0c0:1000::/39
2603:c0c0:2000::/40
2603:c0c0:2800::/40
2603:c0c0::/40
2603:c0c1::/36
2603:c0c2::/35
2603:c0c4:1000::/39
2603:c0c4:2000::/40
2603:c0c4:2800::/40
2603:c0c4::/40
2603:c0c5::/36
2603:c0c6::/35
2603:c0c8:1000::/39
2603:c0c8:2000::/40
2603:c0c8:2800::/40
2603:c0c8::/40
2603:c0c9::/36
2603:c0ca::/35
2603:c0d0:1000::/38
2603:c0d0:2000::/39
2603:c0d0:2800::/39
2603:c0d0::/39
2603:c0d1:2000::/36
2603:c0d1::/36
2603:c0d2:4000::/35
2603:c0d2::/35
2603:c0d4:1000::/38
2603:c0d4:2000::/39
2603:c0d4:2800::/39
2603:c0d4::/39
2603:c0d5:2000::/36
2603:c0d5::/36
2603:c0d6:4000::/35
2603:c0d6::/35
2603:c0d8:1000::/38
2603:c0d8:2000::/39
2603:c0d8:2800::/39
2603:c0d8::/39
2603:c0d9:2000::/36
2603:c0d9::/36
2603:c0da:4000::/35
2603:c0da::/35
2603:c0dc:1000::/38
2603:c0dc:2000::/39
2603:c0dc:2800::/39
2603:c0dc::/39
2603:c0dd:2000::/36
2603:c0dd::/36
2603:c0de:4000::/35
2603:c0de::/35
2603:c0e0:1000::/38
2603:c0e0:2000::/39
2603:c0e0:2800::/39
2603:c0e0::/39
2603:c0e1:2000::/36
2603:c0e1::/36
2603:c0e2:4000::/35
2603:c0e2::/35
2603:c0e8:1000::/38
2603:c0e8:2000::/39
2603:c0e8:2800::/39
2603:c0e8::/39
2603:c0e9:2000::/36
2603:c0e9::/36
2603:c0ea:4000::/35
2603:c0ea::/35
2603:c0ec:1000::/39
2603:c0ec:2000::/40
2603:c0ec:2800::/40
2603:c0ec::/40
2603:c0ed::/36
2603:c0ee::/35
2603:c0f0:1000::/38
2603:c0f0:2000::/39
2603:c0f0:2800::/39
2603:c0f0::/39
2603:c0f1:2000::/36
2603:c0f1::/36
2603:c0f2:4000::/35
2603:c0f2::/35
2603:c0f4:1000::/37
2603:c0f4:1800::/38
2603:c0f4:2000::/38
2603:c0f4:2400::/39
2603:c0f4:2800::/38
2603:c0f4:2c00::/39
2603:c0f4:400::/39
2603:c0f4::/38
2603:c0f5:2000::/36
2603:c0f5:4000::/36
2603:c0f5:6000::/36
2603:c0f5:8000::/36
2603:c0f5::/36
2603:c0f5:a000::/36
2603:c0f6:4000::/35
2603:c0f6:8000::/35
2603:c0f6::/35
2603:c0f6:c000::/35
2603:c0f7:4000::/35
2603:c0f7::/35
2603:c0f8:1000::/38
2603:c0f8:1400::/39
2603:c0f8:2000::/39
2603:c0f8:200::/40
2603:c0f8:2200::/40
2603:c0f8:2800::/39
2603:c0f8:2a00::/40
2603:c0f8::/39
2603:c0f9:2000::/36
2603:c0f9:4000::/36
2603:c0f9::/36
2603:c0fa:4000::/35
2603:c0fa:8000::/35
2603:c0fa::/35
2603:c0fc:1000::/38
2603:c0fc:2000::/39
2603:c0fc:2800::/39
2603:c0fc::/39
2603:c0fd:2000::/36
2603:c0fd::/36
2603:c0fe:4000::/35
2603:c0fe::/35
2604:11a0:1000::/47
2604:11a0:1002::/48
2604:11a0:1100::/47
2604:11a0:1102::/48
2604:12e0:100::/48
2604:1f20::/47
2604:1fe0:100::/40
2604:29a0:f000::/46
2604:2dc0::/32
2604:7440::/48
2604:a880:2::/48
2604:a880:400::/48
2604:a880:4::/47
2604:a880:6::/48
2604:a880:800::/48
2604:a880::/47
2604:a880:cad::/48
2604:bc40:6000::/48
2604:d0c0:ae41::/48
2604:d0c0:ae42::/47
2604:d0c0:ae44::/48
2604:f340:101::/48
2604:f700::/47
2605:2c40:400::/48
2605:32c0:a001::/48
2605:4300:2c01::/48
2605:4300:2c02::/48
2605:4300:2c11::/48
2605:4300:2c12::/47
2605:4300:2c14::/48
2605:4300:2c16::/48
2605:4300:2c19::/48
2605:4300:2c1a::/47
2605:4300:2c1c::/48
2605:4300:2c1f::/48
2605:4300:3901::/48
2605:4300:3902::/47
2605:4300:3904::/46
2605:4300:e601::/48
2605:4300:e602::/48
2605:84c0:1000::/48
2605:84c0:2000::/48
2605:9cc0:2816::/48
2605:9cc0:378::/48
2605:9cc0:3b4::/48
2605:9cc0:3cc::/48
2605:9cc0:3d4::/48
2605:9cc0:40c::/48
2605:9cc0:492::/47
2605:9cc0::/46
2605:9cc0:c00::/48
2605:9cc0:c02::/47
2605:9cc0:c04::/47
2605:9cc0:c06::/48
2605:9cc0:c08::/48
2605:9cc0:c0b::/48
2605:9cc0:c0c::/47
2605:9cc0:c10::/46
2605:9cc0:c14::/48
2605:9cc0:c16::/47
2605:9cc0:c19::/48
2605:9cc0:c1a::/47
2605:9cc0:c1c::/47
2605:9cc0:c1e::/48
2605:9cc0:d7f::/48
2605:9cc0:f03e::/48
2605:a7c0:100::/45
2605:a7c0:108::/46
2605:a7c0:10c::/47
2605:a7c0:120::/45
2605:a7c0:128::/46
2605:a7c0:12c::/47
2605:a7c0:130::/45
2605:a7c0:138::/46
2605:a7c0:13c::/47
2605:a7c0:140::/45
2605:a7c0:148::/46
2605:a7c0:14c::/47
2605:a7c0:150::/45
2605:a7c0:158::/46
2605:a7c0:15c::/47
2605:b040:100::/48
2605:b040:8::/47
2605:b040::/45
2605:b040:a::/48
2605:b040:c::/47
2605:b040:e::/48
2605:b140::/32
2605:c940::/32
2605:dd40:8260::/44
2605:dd40:8570::/44
2605:dd40:8700::/44
2605:dd40:8880::/44
2605:dd40:8990::/44
2605:dd40:8d00::/44
2605:dd40:8e00::/44
2605:dd40:8f00::/44
2605:dd40:8f80::/44
2605:dd40:8ff0::/44
2605:e240:b::/48
2605:f80:f100::/44
2605:f80:f120::/44
2605:f80:f140::/48
2606:1f80:f000::/36
2606:2c0:2::/47
2606:2c0:4::/48
2606:3dc0:2000::/45
2606:3dc0:2040::/45
2606:3dc0:800::/46
2606:3dc0::/46
2606:4700::/32
2606:5cc0:1100::/40
2606:5cc0:1200::/40
2606:5cc0:1300::/42
2606:69c1:1101::/48
2606:69c1:1201::/48
2606:6ac0:c000::/48
2606:6ac0:c006::/48
2606:6ac0:c00a::/48
2606:6ac0:c00e::/48
2606:6ac0:dca0::/48
2606:6c00:100::/48
2606:6c00:104::/46
2606:6c00:108::/47
2606:6c00:120::/44
2606:6c00:200::/45
2606:6c00:208::/46
2606:6c00:20c::/48
2606:6c00:20e::/47
2606:6c00:4000::/48
2606:6c00:4::/47
2606:6c00:6001::/48
2606:6c00:6002::/47
2606:6c00:6004::/48
2606:6c00:6::/48
2606:6c00:8000::/48
2606:6c00:8::/47
2606:6c00::/48
2606:6c00:c000::/48
2606:6c00:ff::/48
2606:6c00:fffe::/47
2606:7740:2::/48
2606:7740::/47
2606:7b40:1b10::/48
2606:7b40:1b12::/47
2606:7b40:1b14::/48
2606:7bc0:1060::/47
2606:7bc0:1064::/47
2606:7bc0:1080::/47
2606:7bc0:1090::/46
2606:8140::/32
2606:9680:20c0::/48
2606:9c40::/48
2606:9fc0:10::/46
2606:9fc0:14::/48
2606:9fc0:21::/48
2606:9fc0:22::/48
2606:9fc0:2a::/48
2606:9fc0:2c::/48
2606:9fc0:30::/47
2606:9fc0:34::/47
2606:9fc0:4::/48
2606:9fc0:9000::/48
2606:9fc0::/46
2606:9fc0:a0::/47
2606:9fc0:a2::/48
2606:9fc0:a4::/48
2606:a440:5::/48
2606:b400:8000::/48
2606:b400:8012::/48
2606:b400:8020::/48
2606:b400:8030::/48
2606:b400:8301::/48
2606:b740:1::/48
2606:b740:49::/48
2606:c220:2000::/39
2606:c220::/35
2606:cd40:1000::/48
2606:cd40:40::/47
2606:cd40::/47
2606:dc00:ff00::/47
2606:dc00:ff02::/48
2606:ec0:2000::/36
2606:f180:7::/48
2606:f40::/32
2606:f4c0:4000::/36
2606:f4c0:6000::/40
2606:f4c0:6100::/42
2606:f4c0:6160::/43
2606:f4c0:6180::/44
2606:f4c0:61b0::/44
2606:f4c0:61c0::/44
2606:f4c0:61f0::/44
2606:f4c0:6200::/41
2606:f4c0:6280::/42
2606:f4c0:62d0::/44
2606:f4c0:62e0::/43
2606:f4c0:6300::/40
2606:f4c0:6400::/40
2606:f4c0:6500::/43
2606:f4c0:6530::/44
2606:f4c0:6540::/42
2606:f4c0:6580::/41
2606:f4c0:6600::/40
2606:f4c0:6700::/41
2606:f4c0:6780::/42
2606:f4c0:67c0::/43
2606:f4c0:67e0::/44
2606:f4c0:8c00::/42
2606:f4c0:9800::/43
2606:f4c0:b010::/44
2606:f4c0:b020::/43
2606:f4c0:b040::/42
2606:f4c0:b080::/41
2606:f4c0:b100::/40
2606:f4c0:b200::/40
2606:f4c0:b300::/42
2606:f4c0:b340::/43
2606:f4c0:b360::/44
2606:f4c0:b3e0::/43
2606:f4c0:b410::/44
2606:f4c0:b420::/43
2606:f4c0:b440::/42
2606:f4c0:b490::/44
2606:f4c0:b4a0::/43
2606:f4c0:b4c0::/42
2606:f4c0:b500::/42
2606:f4c0:b540::/43
2606:f4c0:b560::/44
2606:f4c0:b580::/41
2606:f4c0:b600::/40
2606:f4c0:b700::/42
2606:f4c0:b740::/43
2606:f4c0:b8c0::/44
2607:5300::/32
2607:5ac0:6080::/48
2607:5ac0::/47
2607:5f40:200::/48
2607:5f40:8100::/48
2607:5f40:8200::/48
2607:5f40:8202::/48
2607:5f40:8204::/48
2607:6100:a4::/47
2607:6d40:2000::/35
2607:6d40:4000::/34
2607:8d40:f40::/48
2607:9b80:4000::/36
2607:9b80:400::/39
2607:9b80:8000::/35
2607:9b80:800::/40
2607:9b80::/40
2607:9b80:a00::/40
2607:b40::/48
2607:d540:4::/47
2607:d540::/46
2607:d540:fc1::/48
2607:d540:fc2::/47
2607:dbc0:1000::/44
2607:dbc0:2000::/44
2607:dbc0:20::/44
2607:dbc0:3000::/43
2607:dbc0:400::/43
2607:dbc0:800::/42
2607:dbc0:840::/44
2607:dbc0::/43
2607:dbc0:c00::/41
2607:dbc0:c80::/44
2607:dbc0:e000::/43
2607:dbc0:e020::/44
2607:dbc0:f000::/42
2607:f028:251::/48
2607:f028:261::/48
2607:f028:272::/47
2607:f028:274::/48
2607:f028:281::/48
2607:f220:301::/48
2607:f220:610::/48
2607:f250:e000::/48
2607:f380:100::/47
2607:f590::/48
2607:f798:261::/48
2607:fcf0:10a0::/48
2607:fcf0:10a6::/48
2607:fcf0:20a0::/46
2607:fcf0:20a4::/47
2607:fcf0:20a7::/48
2607:fcf0:20a9::/48
2607:fcf0:4000::/45
2607:fcf0:4008::/48
2607:fcf0:400a::/48
2607:fcf0:400c::/48
2607:fcf0:400e::/48
2607:fcf0:4010::/48
2620:0:1c00::/40
2620:0:b60::/48
2620:104:2040::/47
2620:104:6003::/48
2620:104:a000::/44
2620:107:3000::/44
2620:107:4002::/47
2620:107:4004::/47
2620:108:7000::/44
2620:108:d000::/44
2620:10b:b008::/45
2620:116:800a::/47
2620:116:800c::/47
2620:116:800e::/48
2620:11b:d021::/48
2620:121:5040::/46
2620:121:5044::/48
2620:121:5070::/47
2620:122:f003::/48
2620:123:208b::/48
2620:123:208c::/48
2620:123:20f9::/48
2620:131:1065::/48
2620:134:600b::/48
2620:134:600c::/48
2620:147:c40::/48
2620:197:de0::/48
2620:197:f00::/48
2620:1f7:c000::/48
2620:1f7:c020::/48
2620:1f7:c025::/48
2620:1f9:10::/45
2620:1f9:3f::/48
2620:1f9::/44
2620:20:8000::/48
2620:31:8004::/48
2620:85:a000::/48
2620:8:4300::/48
2620:91:2::/48
2620:9:a008::/48
2620:9d:6000::/48
2620:a0:200e::/47
2620:a1:4000::/48
2620:a5:6000::/47
2620:ac:6000::/48
2620:c1:e000::/48
2620:c3:e000::/47
2620:c3:e004::/48
2620:c3:e008::/47
2620:c7:6000::/48
2620:df:4000::/48
2620:df:4002::/47
2620:df:4004::/46
2620:df:4008::/46
2620:df:400c::/47
2620:fe:2040::/48
2631:0:2::/47
2631:0:4::/48
2631:0:9::/48
2631:0:a::/48
2631:1:105::/48
2800:280:4001::/48
2801:1:8004::/48
2803:4ed0::/32
2803:f800::/32
2804:2384::/32
2804:800::/32
2804:923c::/32
2806:1030:cefe::/48
2806:1070:cefe::/48
2806:1080:cefe::/48
2806:10b0:cefe::/48
2a00:18e0:5::/48
2a00:1fd0:ae41::/48
2a00:1fd0:ae42::/48
2a00:4bc0:2100::/48
2a00:4bc0:2102::/47
2a00:4bc0:2104::/46
2a00:4bc0:2108::/48
2a00:4bc0:210a::/47
2a00:4bc0:210c::/48
2a00:4bc0:2111::/48
2a00:4bc0:2112::/47
2a00:4bc0:2117::/48
2a00:4bc0:2118::/47
2a00:4bc0:211b::/48
2a00:4bc0:211c::/46
2a00:4bc0:2120::/48
2a00:4bc0:2122::/47
2a00:4bc0:2124::/46
2a00:4bc0:2128::/48
2a00:4bc0:212a::/47
2a00:4bc0:212c::/47
2a00:4bc0:212e::/48
2a00:4bc0:2130::/45
2a00:4bc0:2139::/48
2a00:4bc0:213a::/47
2a00:4bc0:213c::/46
2a00:4bc0:2141::/48
2a00:4bc0:2142::/47
2a00:4bc0:2144::/46
2a00:4bc0:2149::/48
2a00:4bc0:214a::/48
2a00:4bc0:214c::/46
2a00:4bc0:2151::/48
2a00:4bc0:2156::/48
2a00:4bc0:2158::/46
2a00:4bc0:2160::/48
2a00:4bc0:219c::/48
2a00:4bc0:2300::/40
2a00:4bc0:2400::/39
2a00:a401::/32
2a00:a640:20a0::/48
2a00:de61:100::/40
2a00:de61:200::/39
2a00:e20:151::/48
2a00:e20:152::/47
2a00:f020::/34
2a00:f020:e000::/35
2a01:280:6::/48
2a01:4f8::/31
2a01:4ff:ff01::/48
2a01:578::/32
2a01:77c0:1619::/48
2a01:77c0:7135::/48
2a01:7e00::/30
2a01:7e04::/32
2a01:bb22::/32
2a01:bb24:100::/48
2a01:bb24:102::/48
2a01:bb24:2::/48
2a01:bb24::/48
2a01:e900:f1::/48
2a01:ea00:1::/48
2a01:fd40::/38
2a02:2370:1000::/48
2a02:2370:103::/48
2a02:2370:104::/47
2a02:2370:106::/48
2a02:2370:200::/45
2a02:2370:208::/46
2a02:2370:20c::/48
2a02:2370:3::/48
2a02:2370:4000::/48
2a02:2370:5::/48
2a02:2370:6::/48
2a02:2370:8000::/48
2a02:2370:c000::/48
2a02:2370:f000::/48
2a02:26f0::/32
2a02:26f6::/48
2a02:26f7::/32
2a02:5be0:6::/47
2a02:5be0:8::/48
2a02:ef80::/48
2a03:1e03::/48
2a03:2880::/32
2a03:2887:ff00::/48
2a03:2887:ff02::/48
2a03:2887:ff04::/46
2a03:2887:ff09::/48
2a03:2887:ff0a::/48
2a03:2887:ff1b::/48
2a03:2887:ff1c::/48
2a03:2887:ff1e::/48
2a03:2887:ff20::/48
2a03:2887:ff22::/47
2a03:2887:ff27::/48
2a03:2887:ff28::/46
2a03:2887:ff2f::/48
2a03:2887:ff30::/48
2a03:2887:ff33::/48
2a03:2887:ff37::/48
2a03:2887:ff38::/46
2a03:2887:ff3f::/48
2a03:2887:ff40::/46
2a03:2887:ff44::/47
2a03:2887:ff48::/46
2a03:2887:ff4d::/48
2a03:2887:ff4e::/47
2a03:2887:ff50::/45
2a03:2887:ff58::/47
2a03:2887:ff5a::/48
2a03:2887:ff5f::/48
2a03:2887:ff60::/48
2a03:2887:ff62::/47
2a03:2887:ff64::/46
2a03:2887:ff68::/47
2a03:2887:ff6a::/48
2a03:2887:ff70::/47
2a03:5000:431::/48
2a03:5000:432::/48
2a03:5000:471::/48
2a03:5000:481::/48
2a03:5000:501::/48
2a03:5640:f000::/42
2a03:5640:f040::/48
2a03:5640:f042::/48
2a03:5640:f045::/48
2a03:5640:f046::/47
2a03:5640:f048::/47
2a03:5640:f04a::/48
2a03:5640:f04c::/47
2a03:5640:f04e::/48
2a03:5640:f100::/42
2a03:5640:f143::/48
2a03:5640:f144::/46
2a03:5640:f148::/46
2a03:5640:f14c::/47
2a03:5640:f14e::/48
2a03:5640:f200::/43
2a03:5640:f220::/44
2a03:5640:f230::/48
2a03:5640:f302::/47
2a03:5640:f304::/46
2a03:5640:f308::/48
2a03:5640:f30e::/47
2a03:5640:f500::/48
2a03:5640:f502::/47
2a03:5640:f504::/47
2a03:5640:f507::/48
2a03:5640:f508::/45
2a03:5640:f510::/44
2a03:5640:f520::/47
2a03:5640:f530::/46
2a03:5640:f534::/47
2a03:5640:f560::/48
2a03:5640:f570::/48
2a03:5d67:ffcc::/47
2a03:5d67:ffcf::/48
2a03:5d67:ffd0::/45
2a03:5d67:ffd8::/46
2a03:5d67:ffe0::/46
2a03:5d67:ffe8::/48
2a03:b0c0::/46
2a03:b0c0:fffc::/48
2a03:b0c0:ffff::/48
2a03:eec0:3601::/48
2a03:eec0:3602::/47
2a03:eec0:3604::/46
2a03:eec0:3608::/46
2a04:2f81:4::/47
2a04:2f81::/47
2a04:5b81:2121::/48
2a04:5b82:2000::/48
2a04:9a00:14c0::/44
2a04:9d40:f000::/36
2a04:a0c0:2::/47
2a04:a0c0:4::/47
2a04:b905::/48
2a05:bd47:1234::/48
2a05:d000::/25
2a05:dfc3:f740::/44
2a06:1285:ad55::/48
2a06:56c1:1000::/48
2a06:5901:8000::/38
2a06:98c0::/29
2a06:b7c2::/32
2a06:be80::/29
2a06:de00:10::/48
2a06:e881:9200::/48
2a06:e881:9600::/48
2a07:10c0:c57::/48
2a07:4407::/48
2a07:4f80:20::/48
2a07:8241:2000::/40
2a09:a447:ac1e::/48
2a09:ea00::/46
2a0a:144:400::/48
2a0a:2b00:20::/48
2a0a:4540:1000::/48
2a0a:4540:220::/48
2a0a:6040:3f80::/41
2a0a:6043::/47
2a0a:6044:8ffc::/48
2a0a:a000::/48
2a0a:d880:102::/48
2a0a:f280::/32
2a0b:2900:ff0f::/48
2a0b:35c0::/30
2a0b:4080::/48
2a0b:4581::/48
2a0b:4e04:dead::/48
2a0b:8780::/48
2a0b:b87:ffb0::/48
2a0c:9e40:3::/48
2a0c:b280::/48
2a0d:2146:848a::/48
2a0d:d600:1000::/46
2a0d:d600:100::/46
2a0d:d600:8100::/47
2a0d:d600:8b00::/47
2a0d:d600:8c00::/47
2a0d:d600:8d00::/47
2a0d:d600:8e00::/47
2a0d:d600:9000::/47
2a0d:d600:b00::/46
2a0d:d600:c00::/46
2a0d:d600:d00::/46
2a0d:d600:e00::/46
2a0e:46c4:24a1::/48
2a0e:97c0:aba::/48
2a0e:aa06:502::/47
2a0e:aa06:52a::/48
2a0e:b107:361::/48
2a0e:b107:362::/48
2a0e:b107:e70::/48
2a0e:fd80:a03::/48
2a0e:fd80:a04::/47
2a0f:1c80::/29
2a0f:340::/29
2a0f:5707:ba0e::/47
2a0f:85c1:c18::/48
2a0f:85c1:cc0::/48
2a0f:9400:614d::/48
2a0f:a0c0:1000::/37
2a0f:a0c0:1800::/38
2a0f:a0c0:400::/38
2a0f:a0c0:800::/37
2a0f:a0c2:1000::/37
2a0f:a0c2:1800::/38
2a0f:a0c2:4000::/37
2a0f:a0c2:400::/38
2a0f:a0c2:6000::/37
2a0f:a0c2:800::/37
2a0f:a0c3:1000::/37
2a0f:a0c3:1800::/38
2a0f:a0c3:2000::/37
2a0f:a0c3::/36
2a0f:e380::/48
2a10:20c7:ff00::/45
2a10:20c7:ff08::/46
2a10:2307:ffff::/48
2a10:a100::/46
2a10:a200::/48
2a10:a700:100::/47
2a10:ba00:10::/47
2a10:ba00:1::/48
2a10:ba00:2::/47
2a10:ba00:4::/46
2a10:ba00:8::/47
2a10:ba00:bee5::/48
2a10:f783:23::/48
2a10:fa44::/48
2a11:5ec0::/48
2a11:9c80::/29
2a11:bd80::/32
2a11:e980::/29
2a12:1b80::/32
2a12:2240::/29
2a12:a900:1::/48
2a12:ac43:baca::/48
2a12:bec0:230::/44
2a12:bec0:5df::/48
2a13:141:3::/48
2a13:14c1:501::/48
2a13:14c1::/40
2a13:27c0:10::/44
2a13:2e00:40::/45
2a13:2e00:48::/47
2a13:2e00:8::/47
2a13:2e00::/45
2a13:2e01:40::/45
2a13:2e01:48::/47
2a13:2e01:8::/47
2a13:2e01::/45
2a13:5241::/39
2a13:5941:4::/47
2a13:5941:6::/48
2a13:5a47:1000::/36
2a13:5a47:2000::/35
2a13:7c40:1::/48
2a13:7c40:2::/48
2a13:7f00:4::/47
2a13:7f00::/46
2a13:85c0:10::/47
2a13:85c0:20::/47
2a13:85c0::/47
2a13:88c0::/29
2a13:9500:110::/48
2a13:d040:1::/48
2a14:2a00:100::/47
2a14:2a00:102::/48
2a14:2ec0:62b4::/48
2a14:2ec0:854e::/48
2a14:3244:2470::/48
2a14:67c2:510::/48
2a14:67c2:576::/48
2a14:67c3:cafe::/48
2a14:7580:500::/42
2a14:7580:903::/48
2a14:7581:9811::/48
2a14:8980::/48
2a14:8981::/48
2a14:b000::/48
2c0f:ef78:10::/47
2c0f:ef78:3::/48
2c0f:ef78:5::/48
2c0f:ef78:9::/48
2c0f:ef78:c::/47
2c0f:ef78:e::/48
2c0f:f248::/32
2c0f:fc00:b011::/48
