aboutfacebook.com
accessfacebookfromschool.com
accountkit.com
acebooik.com
acebook.com
achat-followers-instagram.com
acheter-followers-instagram.com
acheterdesfollowersinstagram.com
acheterfollowersinstagram.com
ads-twitter.com
advancediddetection.com
airhorn.solutions
airhornbot.com
askfacebook.net
askfacebook.org
atdmt2.com
atlasdmt.com
atlasonepoint.com
atscaleconference.com
bigbeans.solutions
bizographics.com
bookstagram.com
botorch.org
buck.build
buckbuild.com
buyingfacebooklikes.com
byteoversea.com
careersatfb.com
carstagram.com
cdn-telegram.org
cdninstagram.com
celebgramme.com
chickstagram.com
china-facebook.com
click-url.com
cms-twdigitalassets.com
comments.app
como-hackearfacebook.com
componentkit.org
contest.com
crowdtangle.com
dacebook.com
dis.gd
disboard.org
discord-activities.com
discord-attachments-uploads-prd.storage.googleapis.com
discord.center
discord.co
discord.com
discord.design
discord.dev
discord.gg
discord.gift
discord.gifts
discord.me
discord.media
discord.new
discord.st
discord.store
discord.tools
discordactivities.com
discordapp.com
discordapp.io
discordapp.net
discordbee.com
discordbotlist.com
discordcdn.com
discordexpert.com
discordhome.com
discordhub.com
discordinvites.net
discordlist.me
discordlist.space
discordmerch.com
discordpartygames.com
discords.com
discordsays.com
discordservers.com
discordstatus.com
discordtop.com
disforge.com
dlfacebook.com
dotfacebook.com
dotfacebook.net
draftjs.org
dyno.gg
e122475.dscg.akamaiedge.net
expresswifi.com
f8.com
faacebok.com
faacebook.com
faasbook.com
facbebook.com
facbeok.com
facboo.com
facbook.com
facbool.com
facboox.com
faccebook.com
faccebookk.com
facdbook.com
facdebook.com
face-book.com
faceabook.com
facebboc.com
facebbook.com
facebboook.com
facebcook.com
facebdok.com
facebgook.com
facebhook.com
facebkkk.com
facebo-ok.com
faceboak.com
facebock.com
facebocke.com
facebof.com
faceboik.com
facebok.com
facebokbook.com
facebokc.com
facebokk.com
facebokok.com
faceboks.com
facebol.com
facebolk.com
facebomok.com
faceboo.com
facebooa.com
faceboob.com
faceboobok.com
facebooc.com
faceboock.com
facebood.com
facebooe.com
faceboof.com
facebooi.com
facebooik.com
facebooik.org
facebooj.com
facebook-corp.com
facebook-covid-19.com
facebook-ebook.com
facebook-forum.com
facebook-hardware.com
facebook-inc.com
facebook-login.com
facebook-newsroom.com
facebook-newsroom.org
facebook-pmdcenter.com
facebook-pmdcenter.net
facebook-pmdcenter.org
facebook-privacy.com
facebook-program.com
facebook-studio.com
facebook-support.org
facebook-texas-holdem.com
facebook-texas-holdem.net
facebook.br
facebook.ca
facebook.cc
facebook.com
facebook.com.es
facebook.com.vn
facebook.design
facebook.fr
facebook.hu
facebook.in
facebook.net
facebook.nl
facebook.org
facebook.se
facebook.shop
facebook.tv
facebook.us
facebook.wang
facebook123.org
facebook30.com
facebook30.net
facebook30.org
facebook4business.com
facebookads.com
facebookadvertisingsecrets.com
facebookappcenter.info
facebookappcenter.net
facebookappcenter.org
facebookatschool.com
facebookawards.com
facebookblueprint.net
facebookbrand.com
facebookbrand.net
facebookcanadianelectionintegrityinitiative.com
facebookcareer.com
facebookcheats.com
facebookck.com
facebookclub.com
facebookcom.com
facebookconnect.com
facebookconsultant.org
facebookcoronavirus.com
facebookcovers.org
facebookcredits.info
facebookdating.net
facebookdevelopergarage.com
facebookdusexe.org
facebookemail.com
facebookenespanol.com
facebookexchange.com
facebookexchange.net
facebookfacebook.com
facebookflow.com
facebookgames.com
facebookgraphsearch.com
facebookgraphsearch.info
facebookgroups.com
facebookhome.cc
facebookhome.com
facebookhome.info
facebookhub.com
facebooki.com
facebookinc.com
facebookland.com
facebooklikeexchange.com
facebooklive.com
facebooklivestaging.net
facebooklivestaging.org
facebooklogin.com
facebooklogin.info
facebookloginhelp.net
facebooklogs.com
facebookmail.com
facebookmail.tv
facebookmanager.info
facebookmarketing.info
facebookmarketingpartner.com
facebookmarketingpartners.com
facebookmobile.com
facebookmsn.com
facebooknews.com
facebooknfl.com
facebooknude.com
facebookofsex.com
facebookook.com
facebookpaper.com
facebookpay.com
facebookphonenumber.net
facebookphoto.com
facebookphotos.com
facebookpmdcenter.com
facebookpoke.net
facebookpoke.org
facebookpoker.info
facebookpokerchips.info
facebookporn.net
facebookporn.org
facebookporno.net
facebookportal.com
facebooks.com
facebooksafety.com
facebooksecurity.net
facebookshop.com
facebooksignup.net
facebooksite.net
facebookstories.com
facebookstudios.net
facebookstudios.org
facebooksupplier.com
facebooksuppliers.com
facebookswagemea.com
facebookswagstore.com
facebooksz.com
facebookthreads.net
facebooktv.net
facebooktv.org
facebookvacation.com
facebookw.com
facebookwork.com
facebookworld.com
facebool.com
facebool.info
facebooll.com
faceboom.com
faceboon.com
faceboonk.com
faceboooik.com
faceboook.com
faceboop.com
faceboot.com
faceboox.com
facebopk.com
facebpook.com
facebuk.com
facebuok.com
facebvook.com
facebyook.com
facebzook.com
facecbgook.com
facecbook.com
facecbook.org
facecook.com
facecook.org
facedbook.com
faceebok.com
faceebook.com
faceebot.com
facegbok.com
facegbook.com
faceobk.com
faceobok.com
faceobook.com
faceook.com
facerbooik.com
facerbook.com
facesbooc.com
facesounds.com
facetook.com
facevbook.com
facewbook.co
facewook.com
facfacebook.com
facfebook.com
faciometrics.com
fackebook.com
facnbook.com
facrbook.com
facvebook.com
facwebook.com
facxebook.com
fadebook.com
faebok.com
faebook.com
faebookc.com
faeboook.com
faecebok.com
faesebook.com
fafacebook.com
faicbooc.com
fasebokk.com
fasebook.com
faseboox.com
fasttext.cc
favebook.com
faycbok.com
fb.careers
fb.com
fb.gg
fb.me
fb.watch
fbacebook.com
fbbmarket.com
fbboostyourbusiness.com
fbcdn-a.akamaihd.net
fbcdn.com
fbcdn.net
fbf8.com
fbfeedback.com
fbhome.com
fbidb.io
fbinc.com
fbinfer.com
fbinnovation.com
fblitho.com
fbmarketing.com
fbmessenger.com
fbredex.com
fbreg.com
fbrell.com
fbrpms.com
fbsbx.com
fbsbx.net
fbsupport-covid.net
fbthirdpartypixel.com
fbthirdpartypixel.net
fbthirdpartypixel.org
fburl.com
fbwat.ch
fbworkmail.com
fcacebook.com
fcaebook.com
fcebook.com
fcebookk.com
fcfacebook.com
fdacebook.info
feacboo.com
feacbook.com
feacbooke.com
feacebook.com
fecbbok.com
fecbooc.com
fecbook.com
feceboock.com
fecebook.net
feceboox.com
fececbook.com
feook.com
ferabook.com
fescebook.com
fesebook.com
ffacebook.com
fgacebook.com
ficeboock.com
findadiscord.com
flow.dev
flow.org
flowtype.org
fmcebook.com
fnacebook.com
fosebook.com
fpacebook.com
fqcebook.com
fracebook.com
fragment.com
freeb.com
freebasics.com
freebasics.net
freebs.com
freefacebook.com
freefacebook.net
freefacebookads.net
freefblikes.com
freindfeed.com
frescolib.org
friendbook.info
friendfed.com
friendfeed-api.com
friendfeed-media.com
friendfeed.com
friendfeedmedia.com
fsacebok.com
fscebook.com
fundraisingwithfacebook.com
funnyfacebook.org
futureofbusinesssurvey.org
gacebook.com
gameroom.com
gfacecbook.com
graph.org
groups.com
hackerfacebook.com
hackfacebook.com
hackfacebookid.com
hacklang.org
hammerandchisel.ssl.zendesk.com
hhvm.com
hifacebook.info
howtohackfacebook-account.com
hsfacebook.com
httpfacebook.com
httpsfacebook.com
httpwwwfacebook.com
i.org
ig.me
igcdn.com
igsonar.com
igtv.com
imstagram.com
imtagram.com
instaadder.com
instachecker.com
instafallow.com
instafollower.com
instagainer.com
instagda.com
instagify.com
instagmania.com
instagor.com
instagram-brand.com
instagram-engineering.com
instagram-help.com
instagram-press.com
instagram-press.net
instagram.com
instagramci.com
instagramcn.com
instagramdi.com
instagramhashtags.net
instagramhilecim.com
instagramhilesi.org
instagramium.com
instagramizlenme.com
instagramkusu.com
instagramlogin.com
instagramm.com
instagramn.com
instagrampartners.com
instagramphoto.com
instagramq.com
instagramsepeti.com
instagramtakipcisatinal.net
instagramtakiphilesi.com
instagramtips.com
instagramtr.com
instagran.com
instagranm.com
instagrem.com
instagrm.com
instagtram.com
instagy.com
instamgram.com
instangram.com
instanttelegram.com
instaplayer.net
instastyle.tv
instgram.com
intagram.com
intagrm.com
internet.org
intgram.com
kingstagram.com
klik.me
l-0005.dc-msedge.net
l-0005.l-msedge.net
licdn.cn
licdn.cn.cdn20.com
licdn.com
linkedin.at
linkedin.cn
linkedin.com
linkedin.sc.omtrdc.net
liverail.com
liverail.tv
lnkd.in
lnstagram-help.com
login-account.net
m.me
makeitopen.com
markzuckerberg.com
mcrouter.net
mcrouter.org
mee6.xyz
messenger.com
messengerdevelopers.com
midentsolutions.com
mobilefacebook.com
moneywithfacebook.com
muscdn.com
musical.ly
myfbfans.com
nbabot.net
newsfeed.com
nextstop.com
ogp.me
oninstagram.com
online-deals.net
online-instagram.com
onlineinstagram.com
opencreate.org
opengraphprotocol.com
opengraphprotocol.org
p16-tiktokcdn-com.akamaized.net
parse.com
pbs.twimg.com.akamaized.net
periscope.tv
pscp.tv
pyrobot.org
quiz.directory
reachtheworldonfacebook.com
react.com
reactjs.com
reactjs.org
recoiljs.org
redkix.com
rocksdb.com
rocksdb.net
rocksdb.org
s-bid.rmp.rakuten.com
shopfacebook.com
signal.art
signal.group
signal.link
signal.me
signal.org
signal.tube
signalusers.org
sportsfacebook.com
sportstream.com
supportfacebook.com
t.co
t.me
tdesktop.com
telega.one
telegra.ph
telegram-cdn.org
telegram.dog
telegram.me
telegram.org
telegram.space
telesco.pe
tellapart.com
terragraph.com
tfbnw.net
tg.dev
thefacebook.com
thefacebook.net
thefind.com
theinstagramhack.com
threads.com
threads.net
tik-tokapi.com
tiktok.com
tiktokcdn-eu.com
tiktokcdn-us.com
tiktokcdn.com
tiktokd.net
tiktokd.org
tiktokeu-cdn.com
tiktokrow-cdn.com
tiktokv.com
tiktokv.eu
tiktokv.us
tiktokw.eu
tiktokw.us
top.gg
toplayerserver.com
ttlivecdn.com
ttoverseaus.net
ttwstatic.com
tweetdeck.com
twimg.com
twitpic.com
twitter.biz
twitter.com
twitter.jp
twitter.map.fastly.net
twittercommunity.com
twitterflightschool.com
twitterinc.com
twitteroauth.com
twitterstat.us
twtrdns.net
twttr.com
twttr.net
twvid.com
tx.me
usercontent.dev
vbcdn.com
vbcdn.net
viber.co
viber.com
viber.me
viewpointsfromfacebook.com
vine.co
wa.me
watchanimeattheoffice.com
web-instagram.net
whatsapp-plus.info
whatsapp-plus.me
whatsapp-plus.net
whatsapp.cc
whatsapp.com
whatsapp.info
whatsapp.net
whatsapp.org
whatsapp.tv
whatsappbrand.com
whispersystems.org
whyfacebook.com
workplace.com
workplaceusecases.com
worldhack.com
www-facebook.com
wwwfacebok.com
wwwfacebook.com
wwwinstagram.com
wwwmfacebook.com
x.com
yogalayout.com
zuckerberg.com
zuckerberg.net
