blox.com
d1unuk07s6td74.cloudfront.net
goblocks.com
goblox.com
gooblox.com
humancoexperience.com
rblx.co
rblx.com
rblx.org
rbx.com
rbxcdn.com
rbxinfra.net
rbxlabs.com
rbxtrk.com
ro-blox.com
roadblocks.com
roblocks.com
roblox-api.arkoselabs.com
roblox-load-generator-configuration.s3.us-east-2.amazonaws.com
roblox-poc.global.ssl.fastly.net
roblox.ca
roblox.cc
roblox.cl
roblox.co.jp
roblox.co.uk
roblox.com
roblox.de
roblox.dk
roblox.eu
roblox.fr
roblox.hu
roblox.it
roblox.jp
roblox.kr
roblox.mx
roblox.net
roblox.org
roblox.ph
roblox.pt
roblox.sk
roblox.tv
roblox.uk
roblox.us
roblox.vn
robloxcorp.s.llnwi.net
robloxlabs.com
rowblocks.com
rowblox.com
