24.kg
7dniv.rv.ua
9tv.co.il
activatica.org
agents.media
agentura.ru
api.theins.info
arbat.media
arbatmedia.kz
arsvest.ru
astra.press
atn.ua
azathabar.com
azattyq.org
baikal-journal.ru
bbc.co.uk
bbc.com
bbci.co.uk
bellingcat.com
berlin-visual.com
bihus.info
blackseanews.net
cherta.media
chronicles.media
colta.ru
csskor.ill.in.ua
currenttime.tv
cursorinfo.co.il
cyxymu.info
delfi.lt
delfi.lv
dept.one
discours.io
dovod.online
doxa.team
dw.com
echofm.online
ehorussia.com
ej.ru
ekhokavkaza.com
euronews.com
euroradio.fm
eutrp.eu
exler.ru
expres.online
fn-volga.ru
fonge.org
fortanga.org
foxnews.com
freeburyatia.org
freemedia.io
germania.one
golosameriki.com
gordonua.com
grani.ru
graniru.org
graty.me
groza.media
gulagu.net
holod.global.ssl.fastly.net
holod.media
hromadske.ua
hrw.org
hs.fi
i.sakh.com
idelreal.org
important-stories.com
interfax.com.ua
is.fi
istories.media
itsmycity.ru
jskor.ill.in.ua
kaktus.media
kasparov.ru
kavkaz-uzel.eu
kavkazr.com
kedr.media
kolsar.org
kor.ill.in.ua
korrespondent.net
kovcheg.live
krymr.com
lamcdn.net
locals.md
mbk-news.appspot.com
mdza.io
mediazona.ca
meduza.io
memohrc.org
memopzk.org
memorialcenter.org
merezha.co
metla.press
mignews.com
moscowtimes.ru
navalny.com
newizv.ru
news.google.com
newsru.co.il
newsru.com
newtimes.ru
novaya.media
novaya.no
novayagazeta.eu
novayagazeta.ru
oi.legal
openmedia.io
opposition-news.com
ovd.info
ovd.legal
ovd.news
ovdinfo.legal
ovdinfo.org
ozodi.org
pap.pl
paperagency.team
paperpaper.io
paperpaper.ru
papersupport.ru
patriot.dp.ua
poligon.media
polit.ru
politico.eu
politiken.dk
portal.lviv.ua
posle.media
postimees.ee
pravda.com
pravda.com.ua
proekt.media
prosleduet.media
prosleduetmedia.com
prostovpn.org
provereno.media
r4.err.ee
radiosakharov.org
radiosvoboda.org
rbc.ua
realist.online
republic.ru
rezonans.media
rferl.org
rima.media
roar-review.com
root-nation.com
roskomsvoboda.org
rucriminal.info
rus.delfi.ee
rus.jauns.lv
sakhalin.info
sakharovfoundation.org
semnasem.org
severreal.org
sibreal.org
skat.media
skor.ill.in.ua
slavicsac.com
snob.ru
sobes.press
sobesednik.com
sobesednik.ru
sobytiya.info
sota.vision
sotaproject.com
spektr.press
spiegel.de
sputnikipogrom.com
strana.news
strana.today
suspilne.media
svidomi.in.ua
svoboda.org
svoi.kr.ua
svtv-static.net
svtv.org
t-invariant.org
t-s.news
tayga.info
telegraf.by
telegraf.news
telegraph.co.uk
the-village.ru
thebarentsobserver.com
thebell.io
theins.press
theins.ru
themoscowtimes.com
thenewtab.io
thetruestory.news
trv-science.ru
tvfreedom.io
tvrain.ru
tvrain.tv
ui.ill.in.ua
ukr.radio
unian.net
unian.ua
usa.one
usatoday.com
verstka.media
vesma.one
vesma.today
vesty.co.il
voanews.com
vot-tak.tv
votvot.tv
welt.de
wonderzine.com
yle.fi
zahav.ru
zasekin.ru
zerkalo.io
zona.media
