2001:19f0:1000::/37
2001:19f0:4000::/37
2001:19f0:5000::/36
2001:19f0:6000::/36
2001:19f0:7000::/37
2001:19f0:8000::/38
2001:19f0:8800::/38
2001:19f0:9000::/36
2001:19f0::/38
2001:19f0:a800::/37
2001:19f0:b000::/37
2001:19f0:b800::/38
2001:19f0:c000::/38
2001:19f0:c800::/38
2001:19f0:ccc::/47
2001:19f0:ffff::/48
2001:678:580::/48
2401:c080:1000::/36
2401:c080:2000::/37
2401:c080:3000::/37
2401:c080:3800::/38
2402:9e80:10::/48
2403:7f40:ff00::/48
2406:840:b000::/48
2406:840:b002::/48
2406:840:b0ff::/48
2406:840:e071::/48
2406:c500:ffd0::/48
2602:80b:7000::/44
2602:810:6008::/48
2602:f4fb:f00::/40
2602:f6ac::/36
2602:f70f:100::/48
2602:fa02:2c::/48
2602:fb1b::/48
2602:fed2:7100::/48
2602:fed2:710e::/48
2602:fed2:712c::/48
2602:fed2:719c::/48
2602:fed2:719e::/48
2602:fed2:7309::/48
2602:fed2:730d::/48
2602:fed2:731c::/48
2602:ff03:100::/47
2602:ff03:103::/48
2602:ff03:105::/48
2602:ff03:108::/48
2602:ff03:10::/48
2602:ff03:10c::/46
2602:ff03:119::/48
2602:ff03:11c::/46
2602:ff03:124::/48
2602:ff03:128::/48
2602:ff03:12a::/48
2602:ff03:133::/48
2602:ff03:135::/48
2602:ff03:14::/48
2602:ff03:14e::/48
2602:ff03:152::/48
2602:ff03:159::/48
2602:ff03:15b::/48
2602:ff03:15e::/48
2602:ff03:161::/48
2602:ff03:163::/48
2602:ff03:164::/48
2602:ff03:167::/48
2602:ff03:16b::/48
2602:ff03:16c::/48
2602:ff03:16f::/48
2602:ff03:176::/48
2602:ff03:178::/48
2602:ff03:17b::/48
2602:ff03:183::/48
2602:ff03:185::/48
2602:ff03:189::/48
2602:ff03:190::/48
2602:ff03:195::/48
2602:ff03:19c::/48
2602:ff03:1a0::/48
2602:ff03:1a4::/48
2602:ff03:1ac::/48
2602:ff03:1ae::/48
2602:ff03:1b1::/48
2602:ff03:1b6::/47
2602:ff03:1b::/48
2602:ff03:1c2::/48
2602:ff03:1c6::/48
2602:ff03:1cc::/47
2602:ff03:1d6::/48
2602:ff03:1d::/48
2602:ff03:1dd::/48
2602:ff03:1df::/48
2602:ff03:1e3::/48
2602:ff03:1e8::/48
2602:ff03:1e::/47
2602:ff03:1f5::/48
2602:ff03:1f7::/48
2602:ff03:1f8::/48
2602:ff03:1fe::/48
2602:ff03:201::/48
2602:ff03:207::/48
2602:ff03:209::/48
2602:ff03:20a::/48
2602:ff03:20c::/48
2602:ff03:212::/47
2602:ff03:217::/48
2602:ff03:21a::/48
2602:ff03:21d::/48
2602:ff03:21f::/48
2602:ff03:221::/48
2602:ff03:222::/47
2602:ff03:22a::/48
2602:ff03:22d::/48
2602:ff03:230::/48
2602:ff03:232::/48
2602:ff03:23a::/47
2602:ff03:245::/48
2602:ff03:247::/48
2602:ff03:248::/48
2602:ff03:24a::/48
2602:ff03:24c::/48
2602:ff03:253::/48
2602:ff03:257::/48
2602:ff03:258::/48
2602:ff03:25c::/48
2602:ff03:26::/48
2602:ff03:26c::/48
2602:ff03:275::/48
2602:ff03:27b::/48
2602:ff03:27f::/48
2602:ff03:281::/48
2602:ff03:283::/48
2602:ff03:28::/47
2602:ff03:28a::/48
2602:ff03:28d::/48
2602:ff03:2::/48
2602:ff03:2a6::/48
2602:ff03:2a9::/48
2602:ff03:2ad::/48
2602:ff03:2af::/48
2602:ff03:2b0::/48
2602:ff03:2b5::/48
2602:ff03:2b7::/48
2602:ff03:2b::/48
2602:ff03:2bd::/48
2602:ff03:2bf::/48
2602:ff03:2c9::/48
2602:ff03:2c::/48
2602:ff03:2cd::/48
2602:ff03:2d2::/47
2602:ff03:2d4::/47
2602:ff03:2d8::/48
2602:ff03:2dd::/48
2602:ff03:2e2::/48
2602:ff03:2e4::/48
2602:ff03:2e::/47
2602:ff03:2ed::/48
2602:ff03:2f0::/47
2602:ff03:2f3::/48
2602:ff03:2f7::/48
2602:ff03:2fb::/48
2602:ff03:2fc::/48
2602:ff03:2fe::/48
2602:ff03:300::/48
2602:ff03:303::/48
2602:ff03:306::/48
2602:ff03:308::/48
2602:ff03:30a::/48
2602:ff03:312::/48
2602:ff03:315::/48
2602:ff03:31::/48
2602:ff03:31c::/48
2602:ff03:31e::/48
2602:ff03:320::/48
2602:ff03:324::/48
2602:ff03:326::/48
2602:ff03:328::/48
2602:ff03:331::/48
2602:ff03:33e::/48
2602:ff03:341::/48
2602:ff03:342::/48
2602:ff03:34a::/47
2602:ff03:351::/48
2602:ff03:352::/48
2602:ff03:357::/48
2602:ff03:35d::/48
2602:ff03:35f::/48
2602:ff03:364::/48
2602:ff03:366::/48
2602:ff03:369::/48
2602:ff03:370::/47
2602:ff03:373::/48
2602:ff03:377::/48
2602:ff03:37b::/48
2602:ff03:37e::/48
2602:ff03:381::/48
2602:ff03:388::/48
2602:ff03:392::/48
2602:ff03:39c::/47
2602:ff03:3a9::/48
2602:ff03:3ae::/48
2602:ff03:3b8::/48
2602:ff03:3ba::/48
2602:ff03:3bf::/48
2602:ff03:3c1::/48
2602:ff03:3d1::/48
2602:ff03:3d2::/48
2602:ff03:3d7::/48
2602:ff03:3de::/48
2602:ff03:3e0::/48
2602:ff03:3e9::/48
2602:ff03:3eb::/48
2602:ff03:3ec::/48
2602:ff03:3f0::/48
2602:ff03:3f4::/48
2602:ff03:3fd::/48
2602:ff03:401::/48
2602:ff03:403::/48
2602:ff03:406::/48
2602:ff03:40::/48
2602:ff03:40a::/47
2602:ff03:40d::/48
2602:ff03:411::/48
2602:ff03:414::/48
2602:ff03:417::/48
2602:ff03:419::/48
2602:ff03:41a::/48
2602:ff03:41f::/48
2602:ff03:421::/48
2602:ff03:423::/48
2602:ff03:429::/48
2602:ff03:42a::/48
2602:ff03:42e::/47
2602:ff03:432::/48
2602:ff03:434::/48
2602:ff03:43a::/48
2602:ff03:43c::/48
2602:ff03:43e::/48
2602:ff03:441::/48
2602:ff03:447::/48
2602:ff03:44b::/48
2602:ff03:44f::/48
2602:ff03:457::/48
2602:ff03:459::/48
2602:ff03:460::/48
2602:ff03:468::/48
2602:ff03:46a::/48
2602:ff03:474::/48
2602:ff03:479::/48
2602:ff03:47::/48
2602:ff03:47c::/48
2602:ff03:486::/48
2602:ff03:48::/48
2602:ff03:48b::/48
2602:ff03:492::/48
2602:ff03:495::/48
2602:ff03:498::/48
2602:ff03:49a::/47
2602:ff03:49f::/48
2602:ff03:4a2::/47
2602:ff03:4a5::/48
2602:ff03:4a7::/48
2602:ff03:4ae::/47
2602:ff03:4b4::/48
2602:ff03:4b7::/48
2602:ff03:4b9::/48
2602:ff03:4b::/48
2602:ff03:4bc::/47
2602:ff03:4bf::/48
2602:ff03:4c6::/48
2602:ff03:4c::/48
2602:ff03:4ce::/48
2602:ff03:4d6::/48
2602:ff03:4d8::/48
2602:ff03:4dd::/48
2602:ff03:4e1::/48
2602:ff03:4e3::/48
2602:ff03:4e5::/48
2602:ff03:4ec::/47
2602:ff03:4f2::/48
2602:ff03:4f5::/48
2602:ff03:4f7::/48
2602:ff03:4f9::/48
2602:ff03:4fa::/47
2602:ff03:4fd::/48
2602:ff03:50::/48
2602:ff03:50c::/48
2602:ff03:511::/48
2602:ff03:514::/48
2602:ff03:518::/47
2602:ff03:520::/47
2602:ff03:52::/48
2602:ff03:52c::/48
2602:ff03:531::/48
2602:ff03:532::/47
2602:ff03:53a::/48
2602:ff03:53f::/48
2602:ff03:542::/47
2602:ff03:545::/48
2602:ff03:54::/48
2602:ff03:54c::/48
2602:ff03:54e::/47
2602:ff03:557::/48
2602:ff03:55b::/48
2602:ff03:560::/48
2602:ff03:565::/48
2602:ff03:56a::/48
2602:ff03:56c::/48
2602:ff03:570::/48
2602:ff03:57::/48
2602:ff03:57a::/48
2602:ff03:581::/48
2602:ff03:582::/48
2602:ff03:584::/48
2602:ff03:58d::/48
2602:ff03:58e::/48
2602:ff03:590::/48
2602:ff03:596::/48
2602:ff03:59a::/47
2602:ff03:5a2::/48
2602:ff03:5a8::/48
2602:ff03:5a::/47
2602:ff03:5ae::/48
2602:ff03:5b1::/48
2602:ff03:5b7::/48
2602:ff03:5ba::/48
2602:ff03:5be::/47
2602:ff03:5c0::/48
2602:ff03:5ca::/48
2602:ff03:5ce::/47
2602:ff03:5d4::/47
2602:ff03:5d8::/48
2602:ff03:5d::/48
2602:ff03:5dc::/48
2602:ff03:5e7::/48
2602:ff03:5eb::/48
2602:ff03:5ed::/48
2602:ff03:5f4::/48
2602:ff03:5f7::/48
2602:ff03:5f8::/48
2602:ff03:5ff::/48
2602:ff03:605::/48
2602:ff03:608::/48
2602:ff03:60e::/48
2602:ff03:615::/48
2602:ff03:616::/48
2602:ff03:61a::/48
2602:ff03:61c::/47
2602:ff03:626::/48
2602:ff03:62d::/48
2602:ff03:62e::/47
2602:ff03:635::/48
2602:ff03:63c::/48
2602:ff03:63e::/48
2602:ff03:642::/47
2602:ff03:646::/48
2602:ff03:648::/48
2602:ff03:64a::/48
2602:ff03:656::/47
2602:ff03:65::/48
2602:ff03:65a::/48
2602:ff03:65e::/48
2602:ff03:661::/48
2602:ff03:665::/48
2602:ff03:671::/48
2602:ff03:672::/48
2602:ff03:676::/48
2602:ff03:678::/48
2602:ff03:683::/48
2602:ff03:685::/48
2602:ff03:686::/48
2602:ff03:688::/48
2602:ff03:68a::/48
2602:ff03:694::/48
2602:ff03:69c::/47
2602:ff03:6a3::/48
2602:ff03:6a6::/47
2602:ff03:6af::/48
2602:ff03:6b1::/48
2602:ff03:6ba::/48
2602:ff03:6c4::/47
2602:ff03:6c::/48
2602:ff03:6d4::/48
2602:ff03:6d7::/48
2602:ff03:6dc::/48
2602:ff03:6ed::/48
2602:ff03:6f2::/48
2602:ff03:6f4::/48
2602:ff03:6f8::/48
2602:ff03:700::/48
2602:ff03:703::/48
2602:ff03:706::/48
2602:ff03:708::/48
2602:ff03:70::/48
2602:ff03:70b::/48
2602:ff03:71e::/47
2602:ff03:725::/48
2602:ff03:72::/48
2602:ff03:72d::/48
2602:ff03:730::/48
2602:ff03:732::/48
2602:ff03:734::/47
2602:ff03:739::/48
2602:ff03:73b::/48
2602:ff03:73c::/48
2602:ff03:740::/48
2602:ff03:743::/48
2602:ff03:747::/48
2602:ff03:748::/47
2602:ff03:74c::/47
2602:ff03:750::/47
2602:ff03:753::/48
2602:ff03:755::/48
2602:ff03:756::/48
2602:ff03:759::/48
2602:ff03:75::/48
2602:ff03:75d::/48
2602:ff03:760::/47
2602:ff03:764::/48
2602:ff03:76b::/48
2602:ff03:77d::/48
2602:ff03:77f::/48
2602:ff03:782::/48
2602:ff03:785::/48
2602:ff03:787::/48
2602:ff03:792::/48
2602:ff03:796::/48
2602:ff03:79::/48
2602:ff03:79c::/48
2602:ff03:7a1::/48
2602:ff03:7a3::/48
2602:ff03:7a4::/48
2602:ff03:7a8::/48
2602:ff03:7ab::/48
2602:ff03:7ac::/48
2602:ff03:7af::/48
2602:ff03:7b1::/48
2602:ff03:7b6::/48
2602:ff03:7bb::/48
2602:ff03:7c::/47
2602:ff03:7cd::/48
2602:ff03:7cf::/48
2602:ff03:7d1::/48
2602:ff03:7d2::/48
2602:ff03:7d9::/48
2602:ff03:7db::/48
2602:ff03:7dd::/48
2602:ff03:7e2::/48
2602:ff03:7e4::/47
2602:ff03:7e9::/48
2602:ff03:7ee::/47
2602:ff03:7f1::/48
2602:ff03:7f8::/48
2602:ff03:7f::/48
2602:ff03:803::/48
2602:ff03:806::/48
2602:ff03:80a::/48
2602:ff03:81b::/48
2602:ff03:823::/48
2602:ff03:826::/47
2602:ff03:828::/48
2602:ff03:82a::/47
2602:ff03:82c::/48
2602:ff03:833::/48
2602:ff03:834::/48
2602:ff03:838::/47
2602:ff03:83f::/48
2602:ff03:844::/47
2602:ff03:84e::/48
2602:ff03:851::/48
2602:ff03:856::/47
2602:ff03:858::/48
2602:ff03:85::/48
2602:ff03:85e::/48
2602:ff03:860::/48
2602:ff03:867::/48
2602:ff03:86a::/47
2602:ff03:870::/47
2602:ff03:874::/48
2602:ff03:87d::/48
2602:ff03:87f::/48
2602:ff03:882::/48
2602:ff03:884::/47
2602:ff03:886::/48
2602:ff03:888::/48
2602:ff03:88::/48
2602:ff03:88a::/48
2602:ff03:891::/48
2602:ff03:896::/48
2602:ff03:8a3::/48
2602:ff03:8a7::/48
2602:ff03:8a9::/48
2602:ff03:8a::/47
2602:ff03:8ab::/48
2602:ff03:8b3::/48
2602:ff03:8ba::/48
2602:ff03:8be::/48
2602:ff03:8c2::/47
2602:ff03:8c9::/48
2602:ff03:8ca::/48
2602:ff03:8cc::/48
2602:ff03:8ce::/48
2602:ff03:8d5::/48
2602:ff03:8d6::/48
2602:ff03:8d9::/48
2602:ff03:8db::/48
2602:ff03:8dc::/48
2602:ff03:8df::/48
2602:ff03:8e2::/47
2602:ff03:8e4::/47
2602:ff03:8e6::/48
2602:ff03:8e8::/48
2602:ff03:8f6::/48
2602:ff03:8f9::/48
2602:ff03:8f::/48
2602:ff03:8fc::/47
2602:ff03:900::/48
2602:ff03:905::/48
2602:ff03:906::/48
2602:ff03:909::/48
2602:ff03:90d::/48
2602:ff03:913::/48
2602:ff03:917::/48
2602:ff03:91e::/48
2602:ff03:921::/48
2602:ff03:924::/48
2602:ff03:927::/48
2602:ff03:929::/48
2602:ff03:93::/48
2602:ff03:93a::/47
2602:ff03:93e::/48
2602:ff03:941::/48
2602:ff03:942::/48
2602:ff03:946::/48
2602:ff03:949::/48
2602:ff03:94::/48
2602:ff03:95e::/48
2602:ff03:965::/48
2602:ff03:966::/48
2602:ff03:96b::/48
2602:ff03:972::/47
2602:ff03:975::/48
2602:ff03:976::/48
2602:ff03:97::/48
2602:ff03:981::/48
2602:ff03:984::/48
2602:ff03:988::/47
2602:ff03:98::/48
2602:ff03:98d::/48
2602:ff03:98e::/48
2602:ff03:992::/48
2602:ff03:997::/48
2602:ff03:9a3::/48
2602:ff03:9a5::/48
2602:ff03:9a6::/47
2602:ff03:9b0::/47
2602:ff03:9b4::/48
2602:ff03:9b::/48
2602:ff03:9c0::/47
2602:ff03:9c4::/48
2602:ff03:9c8::/48
2602:ff03:9cc::/48
2602:ff03:9d3::/48
2602:ff03:9d4::/48
2602:ff03:9db::/48
2602:ff03:9dc::/48
2602:ff03:9df::/48
2602:ff03:9e0::/48
2602:ff03:9e2::/48
2602:ff03:9e7::/48
2602:ff03:9e8::/48
2602:ff03:9ea::/48
2602:ff03:9ed::/48
2602:ff03:9ef::/48
2602:ff03:9f0::/46
2602:ff03:9f9::/48
2602:ff03:a08::/48
2602:ff03:a0f::/48
2602:ff03:a15::/48
2602:ff03:a17::/48
2602:ff03:a19::/48
2602:ff03:a1::/48
2602:ff03:a1e::/48
2602:ff03:a22::/48
2602:ff03:a24::/48
2602:ff03:a28::/48
2602:ff03:a2f::/48
2602:ff03:a30::/48
2602:ff03:a38::/48
2602:ff03:a3::/48
2602:ff03:a3c::/48
2602:ff03:a44::/47
2602:ff03:a46::/48
2602:ff03:a52::/48
2602:ff03:a57::/48
2602:ff03:a59::/48
2602:ff03:a5c::/48
2602:ff03:a5f::/48
2602:ff03:a62::/48
2602:ff03:a69::/48
2602:ff03:a72::/48
2602:ff03:a77::/48
2602:ff03:a78::/48
2602:ff03:a7b::/48
2602:ff03:a7e::/47
2602:ff03:a80::/48
2602:ff03:a87::/48
2602:ff03:a8b::/48
2602:ff03:a8d::/48
2602:ff03:a90::/48
2602:ff03:a9b::/48
2602:ff03:a9f::/48
2602:ff03:aa3::/48
2602:ff03:aa5::/48
2602:ff03:aad::/48
2602:ff03:aaf::/48
2602:ff03:ab3::/48
2602:ff03:ab::/48
2602:ff03:abb::/48
2602:ff03:abd::/48
2602:ff03:ac2::/47
2602:ff03:ac6::/48
2602:ff03:ac8::/48
2602:ff03:aca::/48
2602:ff03:ad4::/48
2602:ff03:ad7::/48
2602:ff03:ad::/48
2602:ff03:adb::/48
2602:ff03:ae0::/47
2602:ff03:ae6::/47
2602:ff03:ae8::/48
2602:ff03:aef::/48
2602:ff03:af0::/48
2602:ff03:af7::/48
2602:ff03:af8::/47
2602:ff03:afb::/48
2602:ff03:afe::/48
2602:ff03:b00::/48
2602:ff03:b04::/48
2602:ff03:b06::/48
2602:ff03:b0a::/48
2602:ff03:b0f::/48
2602:ff03:b15::/48
2602:ff03:b16::/48
2602:ff03:b19::/48
2602:ff03:b1a::/48
2602:ff03:b1e::/47
2602:ff03:b23::/48
2602:ff03:b26::/48
2602:ff03:b2a::/48
2602:ff03:b2e::/48
2602:ff03:b33::/48
2602:ff03:b35::/48
2602:ff03:b3::/48
2602:ff03:b3b::/48
2602:ff03:b40::/48
2602:ff03:b42::/48
2602:ff03:b4::/47
2602:ff03:b53::/48
2602:ff03:b57::/48
2602:ff03:b5e::/48
2602:ff03:b64::/48
2602:ff03:b6::/48
2602:ff03:b6c::/48
2602:ff03:b71::/48
2602:ff03:b74::/48
2602:ff03:b79::/48
2602:ff03:b7a::/48
2602:ff03:b7c::/48
2602:ff03:b7e::/47
2602:ff03:b80::/47
2602:ff03:b85::/48
2602:ff03:b88::/48
2602:ff03:b92::/48
2602:ff03:b94::/47
2602:ff03:b96::/48
2602:ff03:b98::/48
2602:ff03:ba0::/47
2602:ff03:ba2::/48
2602:ff03:ba6::/48
2602:ff03:ba8::/47
2602:ff03:bab::/48
2602:ff03:bac::/48
2602:ff03:bb0::/48
2602:ff03:bb2::/48
2602:ff03:bb5::/48
2602:ff03:bb6::/48
2602:ff03:bb9::/48
2602:ff03:bbd::/48
2602:ff03:bc0::/48
2602:ff03:bc4::/48
2602:ff03:bc7::/48
2602:ff03:bc9::/48
2602:ff03:bd7::/48
2602:ff03:bd8::/48
2602:ff03:bdd::/48
2602:ff03:bde::/48
2602:ff03:be0::/48
2602:ff03:be6::/48
2602:ff03:bea::/48
2602:ff03:bef::/48
2602:ff03:bf0::/48
2602:ff03:bf4::/48
2602:ff03:bf7::/48
2602:ff03:bfc::/48
2602:ff03:c02::/48
2602:ff03:c04::/48
2602:ff03:c10::/48
2602:ff03:c13::/48
2602:ff03:c14::/48
2602:ff03:c16::/47
2602:ff03:c1::/48
2602:ff03:c24::/48
2602:ff03:c29::/48
2602:ff03:c2::/48
2602:ff03:c2f::/48
2602:ff03:c36::/48
2602:ff03:c38::/48
2602:ff03:c3a::/48
2602:ff03:c41::/48
2602:ff03:c42::/48
2602:ff03:c44::/48
2602:ff03:c4::/48
2602:ff03:c53::/48
2602:ff03:c57::/48
2602:ff03:c60::/48
2602:ff03:c65::/48
2602:ff03:c68::/48
2602:ff03:c74::/48
2602:ff03:c77::/48
2602:ff03:c79::/48
2602:ff03:c7b::/48
2602:ff03:c7f::/48
2602:ff03:c81::/48
2602:ff03:c83::/48
2602:ff03:c87::/48
2602:ff03:c8d::/48
2602:ff03:c92::/48
2602:ff03:c9b::/48
2602:ff03:c9d::/48
2602:ff03:c9e::/47
2602:ff03:ca3::/48
2602:ff03:ca5::/48
2602:ff03:caa::/48
2602:ff03:cae::/48
2602:ff03:cb9::/48
2602:ff03:cba::/48
2602:ff03:cbe::/48
2602:ff03:cc0::/48
2602:ff03:cc2::/48
2602:ff03:cc7::/48
2602:ff03:cc9::/48
2602:ff03:cd0::/48
2602:ff03:cd3::/48
2602:ff03:cd7::/48
2602:ff03:cdb::/48
2602:ff03:cdd::/48
2602:ff03:cde::/47
2602:ff03:ce8::/48
2602:ff03:ce::/47
2602:ff03:cee::/48
2602:ff03:cf5::/48
2602:ff03:cf8::/48
2602:ff03:cfc::/47
2602:ff03:d05::/48
2602:ff03:d07::/48
2602:ff03:d0f::/48
2602:ff03:d13::/48
2602:ff03:d14::/48
2602:ff03:d18::/48
2602:ff03:d1f::/48
2602:ff03:d21::/48
2602:ff03:d23::/48
2602:ff03:d2b::/48
2602:ff03:d2d::/48
2602:ff03:d37::/48
2602:ff03:d39::/48
2602:ff03:d3::/48
2602:ff03:d4a::/48
2602:ff03:d4d::/48
2602:ff03:d53::/48
2602:ff03:d57::/48
2602:ff03:d5::/48
2602:ff03:d62::/48
2602:ff03:d6e::/48
2602:ff03:d73::/48
2602:ff03:d74::/48
2602:ff03:d76::/48
2602:ff03:d79::/48
2602:ff03:d7::/48
2602:ff03:d7b::/48
2602:ff03:d7d::/48
2602:ff03:d7e::/48
2602:ff03:d80::/47
2602:ff03:d84::/46
2602:ff03:d88::/47
2602:ff03:d8e::/48
2602:ff03:d99::/48
2602:ff03:d9c::/48
2602:ff03:d9e::/48
2602:ff03:da1::/48
2602:ff03:da3::/48
2602:ff03:dad::/48
2602:ff03:db0::/48
2602:ff03:db5::/48
2602:ff03:db6::/48
2602:ff03:db8::/48
2602:ff03:dbd::/48
2602:ff03:dbf::/48
2602:ff03:dc3::/48
2602:ff03:dc9::/48
2602:ff03:dc::/47
2602:ff03:dcb::/48
2602:ff03:dcd::/48
2602:ff03:dd0::/48
2602:ff03:dd5::/48
2602:ff03:dd9::/48
2602:ff03:dda::/47
2602:ff03:ddd::/48
2602:ff03:de3::/48
2602:ff03:df1::/48
2602:ff03:df2::/48
2602:ff03:df::/48
2602:ff03:dff::/48
2602:ff03:e02::/47
2602:ff03:e06::/48
2602:ff03:e0c::/48
2602:ff03:e10::/48
2602:ff03:e13::/48
2602:ff03:e15::/48
2602:ff03:e16::/47
2602:ff03:e18::/48
2602:ff03:e1b::/48
2602:ff03:e22::/48
2602:ff03:e25::/48
2602:ff03:e26::/48
2602:ff03:e30::/47
2602:ff03:e33::/48
2602:ff03:e49::/48
2602:ff03:e4a::/48
2602:ff03:e54::/48
2602:ff03:e57::/48
2602:ff03:e5c::/48
2602:ff03:e5e::/48
2602:ff03:e61::/48
2602:ff03:e62::/48
2602:ff03:e71::/48
2602:ff03:e74::/48
2602:ff03:e7a::/48
2602:ff03:e81::/48
2602:ff03:e85::/48
2602:ff03:e87::/48
2602:ff03:e8::/47
2602:ff03:e8a::/47
2602:ff03:e8d::/48
2602:ff03:e90::/47
2602:ff03:e93::/48
2602:ff03:e94::/48
2602:ff03:e99::/48
2602:ff03:e9b::/48
2602:ff03:ea1::/48
2602:ff03:ea7::/48
2602:ff03:ea8::/48
2602:ff03:ea::/48
2602:ff03:eab::/48
2602:ff03:ead::/48
2602:ff03:eb0::/47
2602:ff03:eb5::/48
2602:ff03:ebd::/48
2602:ff03:ec0::/48
2602:ff03:ec7::/48
2602:ff03:ecb::/48
2602:ff03:ecc::/48
2602:ff03:ece::/48
2602:ff03:ed1::/48
2602:ff03:ed6::/47
2602:ff03:ed8::/47
2602:ff03:ed::/48
2602:ff03:eda::/48
2602:ff03:ede::/48
2602:ff03:ee2::/48
2602:ff03:ee4::/47
2602:ff03:ee7::/48
2602:ff03:ee9::/48
2602:ff03:eea::/47
2602:ff03:eed::/48
2602:ff03:eee::/47
2602:ff03:ef0::/48
2602:ff03:ef2::/48
2602:ff03:ef5::/48
2602:ff03:ef8::/48
2602:ff03:efd::/48
2602:ff03:f0a::/48
2602:ff03:f0e::/48
2602:ff03:f12::/47
2602:ff03:f17::/48
2602:ff03:f18::/48
2602:ff03:f1::/48
2602:ff03:f1a::/48
2602:ff03:f1f::/48
2602:ff03:f20::/47
2602:ff03:f25::/48
2602:ff03:f26::/48
2602:ff03:f2c::/48
2602:ff03:f35::/48
2602:ff03:f39::/48
2602:ff03:f40::/48
2602:ff03:f43::/48
2602:ff03:f45::/48
2602:ff03:f46::/47
2602:ff03:f4a::/48
2602:ff03:f51::/48
2602:ff03:f52::/48
2602:ff03:f5c::/47
2602:ff03:f62::/47
2602:ff03:f6a::/48
2602:ff03:f6c::/48
2602:ff03:f70::/48
2602:ff03:f78::/48
2602:ff03:f7::/48
2602:ff03:f7f::/48
2602:ff03:f80::/48
2602:ff03:f84::/48
2602:ff03:f86::/47
2602:ff03:f8f::/48
2602:ff03:f95::/48
2602:ff03:f9::/48
2602:ff03:f9d::/48
2602:ff03:fa5::/48
2602:ff03:fa9::/48
2602:ff03:fb2::/48
2602:ff03:fb9::/48
2602:ff03:fb::/48
2602:ff03:fbe::/48
2602:ff03:fc0::/48
2602:ff03:fc5::/48
2602:ff03:fc7::/48
2602:ff03:fc::/48
2602:ff03:fca::/48
2602:ff03:fcf::/48
2602:ff03:fd1::/48
2602:ff03:fd3::/48
2602:ff03:fe0::/46
2602:ff03:fe4::/47
2602:ff03:fe8::/47
2602:ff03:feb::/48
2602:ff03:fec::/48
2602:ff03:ff2::/48
2602:ff03:ff4::/48
2602:ff03:ff6::/48
2602:ff03:ff9::/48
2602:ff03:ffc::/48
2602:ffc5:108::/48
2602:ffc5:200::/48
2602:ffc5:203::/48
2606:f180:5::/48
2607:7180::/32
2620:53:a000::/44
2620:60:a000::/48
2620:b3:2000::/48
2a03:4a81::/32
2a03:60c0::/32
2a04:30c0::/32
2a04:5b81:2010::/44
2a04:5b81:2060::/48
2a04:5b81:2190::/48
2a04:a142::/32
2a04:a147::/32
2a05:2d07::/32
2a05:dfc3:f900::/40
2a05:f480:1000::/36
2a05:f480:2000::/36
2a05:f480:3000::/37
2a05:f480:3800::/38
2a06:1287::/32
2a06:25c0::/32
2a06:3e87::/32
2a06:4c00::/32
2a06:9801:214::/48
2a06:9801:280::/48
2a06:de01:d0::/44
2a07:5580::/32
2a07:a341::/32
2a0a:2d07:24::/48
2a0a:2d07:44::/48
2a0a:6044:ac60::/48
2a0a:79c0:d00::/44
2a0a:bb06:1000::/48
2a0a:bb06:1::/48
2a0a:bb06:2::/48
2a0b:64c4::/31
2a0d:2680:2111::/48
2a0d:2680:bf90::/48
2a0e:7d45:7763::/48
2a0e:7d45:7764::/48
2a0e:7d45:77d1::/48
2a0e:7d45:77dc::/48
2a0e:7d45:7804::/48
2a0e:7d45:780e::/47
2a0e:7d45:7810::/48
2a0e:9d40::/32
2a0e:b107:df2::/48
2a0e:b800:aaaa::/48
2a0e:b800:abcd::/48
2a0e:b800:baba::/48
2a0e:b800:bbaa::/48
2a0f:13c0::/29
2a0f:1cc6:b142::/48
2a0f:6284:52::/48
2a0f:7d00:1::/48
2a0f:9400:6166::/47
2a0f:9400:690a::/47
2a0f:9400:8020::/48
2a0f:f42::/32
2a10:ccc1:400::/48
2a10:ccc1:402::/48
2a10:ccc1:40a::/47
2a10:ccc1:40d::/48
2a10:ccc1:40f::/48
2a10:ccc1:411::/48
2a10:ccc1:416::/48
2a10:ccc1:418::/48
2a10:ccc1:41d::/48
2a10:ccc1:425::/48
2a10:ccc1:426::/47
2a10:ccc1:42a::/48
2a10:ccc1:432::/47
2a10:ccc1:438::/48
2a10:ccc1:43a::/48
2a10:ccc1:43c::/48
2a10:ccc1:441::/48
2a10:ccc1:442::/48
2a10:ccc1:44b::/48
2a10:ccc1:464::/48
2a10:ccc1:47d::/48
2a12:5340:6::/47
2a12:bec4:12a0::/47
2a12:bec4:12a4::/46
2a12:bec4:12a8::/45
2a12:fc0:10::/48
2a13:1000::/48
2a13:1002::/48
2a13:9500:61::/48
2a13:9500:cf::/48
2a14:7581:3b00::/40
2a14:7583:e500::/40
2a14:7583:f0f4::/46
2a14:7583:f108::/45
2a14:7583:f114::/46
2a14:7584:8000::/35
2a14:7584:e370::/44
2a14:7584:eb00::/40
2a14:7584:ec00::/40
2a14:ae00:100::/48
2a14:ae00:c::/48
2a14:ae07::/48
2a14:c380:27::/48
2a14:c380:28::/47
