achat-followers-instagram.com
acheter-followers-instagram.com
acheterdesfollowersinstagram.com
acheterfollowersinstagram.com
bookstagram.com
carstagram.com
cdninstagram.com
chickstagram.com
connect.facebook.net
edge-mqtt-fallback.facebook.com
edge-mqtt.facebook.com
fna-instagram-shv-01-fagc1.fbcdn.net
fna-instagram-shv-01-fapa1.fbcdn.net
fna-instagram-shv-01-fatl1.fbcdn.net
fna-instagram-shv-01-fbed1.fbcdn.net
fna-instagram-shv-01-fbna1.fbcdn.net
fna-instagram-shv-01-fdel1.fbcdn.net
fna-instagram-shv-01-fdet1.fbcdn.net
fna-instagram-shv-01-ffcm1.fbcdn.net
fna-instagram-shv-01-ffjr1.fbcdn.net
fna-instagram-shv-01-fgla1.fbcdn.net
fna-instagram-shv-01-fjai2.fbcdn.net
fna-instagram-shv-01-fktw1.fbcdn.net
fna-instagram-shv-01-fmaa1.fbcdn.net
fna-instagram-shv-01-fmia1.fbcdn.net
fna-instagram-shv-01-fpat2.fbcdn.net
fna-instagram-shv-01-fric1.fbcdn.net
fna-instagram-shv-01-fsac1.fbcdn.net
fna-instagram-shv-01-fvga2.fbcdn.net
fna-instagram-shv-02-fagc1.fbcdn.net
fna-instagram-shv-02-fapa1.fbcdn.net
fna-instagram-shv-02-fatl1.fbcdn.net
fna-instagram-shv-02-fbed1.fbcdn.net
fna-instagram-shv-02-fdel1.fbcdn.net
fna-instagram-shv-02-fdet1.fbcdn.net
fna-instagram-shv-02-ffcm1.fbcdn.net
fna-instagram-shv-02-ffjr1.fbcdn.net
fna-instagram-shv-02-fhyd1.fbcdn.net
fna-instagram-shv-02-fixc1.fbcdn.net
fna-instagram-shv-02-fmaa1.fbcdn.net
fna-instagram-shv-02-fmem1.fbcdn.net
fna-instagram-shv-02-fmia1.fbcdn.net
fna-instagram-shv-02-fsac1.fbcdn.net
fna-instagram-shv-03-fblr1.fbcdn.net
fna-instagram-shv-03-fdel1.fbcdn.net
fna-instagram-shv-03-ffjr1.fbcdn.net
fna-instagram-shv-03-fmaa1.fbcdn.net
fna-instagram-shv-03-fphx1.fbcdn.net
fna-instagram-shv-04-fblr1.fbcdn.net
fna-instagram-shv-04-fdel1.fbcdn.net
fna-instagram-shv-04-ffjr1.fbcdn.net
fna-instagram-shv-04-fmaa1.fbcdn.net
graph.facebook.com
ig.me
igcdn.com
igsonar.com
igtv.com
imstagram.com
imtagram.com
instaadder.com
instachecker.com
instafallow.com
instafollower.com
instagainer.com
instagda.com
instagify.com
instagmania.com
instagor.com
instagram-brand.com
instagram-engineering.com
instagram-help.com
instagram-p15-shv-01-amt2.fbcdn.net
instagram-p15-shv-01-arn2.fbcdn.net
instagram-p15-shv-01-cdg2.fbcdn.net
instagram-p15-shv-01-cdt1.fbcdn.net
instagram-p15-shv-01-gig2.fbcdn.net
instagram-p15-shv-01-lga3.fbcdn.net
instagram-p15-shv-01-mia3.fbcdn.net
instagram-p15-shv-01-ort2.fbcdn.net
instagram-p15-shv-01-sea1.fbcdn.net
instagram-p15-shv-02-bom1.fbcdn.net
instagram-p15-shv-02-ort2.fbcdn.net
instagram-p3-shv-01-amt2.fbcdn.net
instagram-p3-shv-01-any2.fbcdn.net
instagram-p3-shv-01-arn2.fbcdn.net
instagram-p3-shv-01-atl3.fbcdn.net
instagram-p3-shv-01-ber1.fbcdn.net
instagram-p3-shv-01-bog1.fbcdn.net
instagram-p3-shv-01-bom1.fbcdn.net
instagram-p3-shv-01-bru2.fbcdn.net
instagram-p3-shv-01-cdg2.fbcdn.net
instagram-p3-shv-01-cdt1.fbcdn.net
instagram-p3-shv-01-cgk1.fbcdn.net
instagram-p3-shv-01-del1.fbcdn.net
instagram-p3-shv-01-dus1.fbcdn.net
instagram-p3-shv-01-eze1.fbcdn.net
instagram-p3-shv-01-fco1.fbcdn.net
instagram-p3-shv-01-frt3.fbcdn.net
instagram-p3-shv-01-frx5.fbcdn.net
instagram-p3-shv-01-gig2.fbcdn.net
instagram-p3-shv-01-gmp1.fbcdn.net
instagram-p3-shv-01-gru1.fbcdn.net
instagram-p3-shv-01-gru2.fbcdn.net
instagram-p3-shv-01-hel2.fbcdn.net
instagram-p3-shv-01-hel3.fbcdn.com
instagram-p3-shv-01-hel3.fbcdn.net
instagram-p3-shv-01-iad3.fbcdn.net
instagram-p3-shv-01-jnb1.fbcdn.net
instagram-p3-shv-01-kut2.fbcdn.net
instagram-p3-shv-01-lax3.fbcdn.net
instagram-p3-shv-01-lga3.fbcdn.net
instagram-p3-shv-01-los2.fbcdn.net
instagram-p3-shv-01-maa2.fbcdn.net
instagram-p3-shv-01-mad1.fbcdn.net
instagram-p3-shv-01-mia3.fbcdn.net
instagram-p3-shv-01-mrs2.fbcdn.net
instagram-p3-shv-01-msp1.fbcdn.net
instagram-p3-shv-01-mxp1.fbcdn.net
instagram-p3-shv-01-nrt1.fbcdn.net
instagram-p3-shv-01-ort2.fbcdn.net
instagram-p3-shv-01-otp1.fbcdn.net
instagram-p3-shv-01-prg1.fbcdn.net
instagram-p3-shv-01-qro1.fbcdn.net
instagram-p3-shv-01-scl1.fbcdn.net
instagram-p3-shv-01-scl2.fbcdn.net
instagram-p3-shv-01-sea1.fbcdn.net
instagram-p3-shv-01-sjc3.fbcdn.net
instagram-p3-shv-01-sof1.fbcdn.net
instagram-p3-shv-01-ssn1.fbcdn.net
instagram-p3-shv-01-syd2.fbcdn.net
instagram-p3-shv-01-tpe1.fbcdn.net
instagram-p3-shv-01-vie1.fbcdn.net
instagram-p3-shv-01-waw1.fbcdn.net
instagram-p3-shv-01-xsp1.fbcdn.net
instagram-p3-shv-01-yyz1.fbcdn.net
instagram-p3-shv-02-arn2.fbcdn.net
instagram-p3-shv-02-bom1.fbcdn.net
instagram-p3-shv-02-gru2.fbcdn.net
instagram-p3-shv-02-kut2.fbcdn.net
instagram-p3-shv-02-maa2.fbcdn.net
instagram-p3-shv-02-mia3.fbcdn.net
instagram-p3-shv-02-mrs2.fbcdn.net
instagram-p3-shv-02-ort2.fbcdn.net
instagram-p4-shv-01-amt2.fbcdn.net
instagram-p4-shv-01-arn2.fbcdn.net
instagram-p4-shv-01-gig2.fbcdn.net
instagram-p4-shv-01-lga3.fbcdn.net
instagram-p4-shv-01-mia3.fbcdn.net
instagram-p4-shv-01-sea1.fbcdn.net
instagram-p4-shv-02-bom1.fbcdn.net
instagram-p42-shv-01-amt2.fbcdn.net
instagram-p42-shv-01-any2.fbcdn.net
instagram-p42-shv-01-arn2.fbcdn.net
instagram-p42-shv-01-bru2.fbcdn.net
instagram-p42-shv-01-cdg2.fbcdn.net
instagram-p42-shv-01-cdt1.fbcdn.net
instagram-p42-shv-01-fco1.fbcdn.net
instagram-p42-shv-01-gig2.fbcdn.net
instagram-p42-shv-01-hel2.fbcdn.net
instagram-p42-shv-01-hkt1.fbcdn.net
instagram-p42-shv-01-kut2.fbcdn.net
instagram-p42-shv-01-lga3.fbcdn.net
instagram-p42-shv-01-mad1.fbcdn.net
instagram-p42-shv-01-mia3.fbcdn.net
instagram-p42-shv-01-mrs2.fbcdn.net
instagram-p42-shv-01-mxp1.fbcdn.net
instagram-p42-shv-01-nrt1.fbcdn.net
instagram-p42-shv-01-ort2.fbcdn.net
instagram-p42-shv-01-otp1.fbcdn.net
instagram-p42-shv-01-prg1.fbcdn.net
instagram-p42-shv-01-sea1.fbcdn.net
instagram-p42-shv-01-sof1.fbcdn.net
instagram-p42-shv-01-syd2.fbcdn.net
instagram-p42-shv-01-vie1.fbcdn.net
instagram-p42-shv-01-waw1.fbcdn.net
instagram-p42-shv-01-xsp1.fbcdn.net
instagram-p42-shv-01-yyz1.fbcdn.net
instagram-p42-shv-02-bom1.fbcdn.net
instagram-p42-shv-02-kut2.fbcdn.net
instagram-p42-shv-02-ort2.fbcdn.net
instagram-p42-shv-02-xsp1.fbcdn.net
instagram-pp-shv-01-lga3.fbcdn.net
instagram-press.com
instagram-press.net
instagram.com
instagram.fbeg10-1.fna.fbcdn.net
instagram.fhel5-1.fna.fbcdn.net
instagram.frix7-1.fna.fbcdn.net
instagram.fsof11-1.fna.fbcdn.net
instagram.fsof8-1.fna.fbcdn.net
instagramci.com
instagramcn.com
instagramdi.com
instagramhashtags.net
instagramhilecim.com
instagramhilesi.org
instagramium.com
instagramizlenme.com
instagramkusu.com
instagramlogin.com
instagramm.com
instagramn.com
instagrampartners.com
instagramphoto.com
instagramq.com
instagramsepeti.com
instagramtakipcisatinal.net
instagramtakiphilesi.com
instagramtips.com
instagramtr.com
instagran.com
instagranm.com
instagrem.com
instagrm.com
instagtram.com
instagy.com
instamgram.com
instangram.com
instanttelegram.com
instaplayer.net
instastyle.tv
instgram.com
intagram.com
intagrm.com
intgram.com
kingstagram.com
lnstagram-help.com
lookaside.facebook.com
oninstagram.com
online-instagram.com
onlineinstagram.com
scontent-arn2-1.xx.fbcdn.net
scontent-hel3-1.xx.fbcdn.net
scontent-otp1-1.xx.fbcdn.net
scontent-prg1-1.xx.fbcdn.net
scontent-sof1-2.xx.fbcdn.net
scontent.fbeg10-1.fna.fbcdn.net
theinstagramhack.com
web-instagram.net
web.facebook.com
wwwinstagram.com
z-p42-chat-e2ee-ig.facebook.com
