1337x.to
booktracker.org
bt.booktracker.work
filmitorrent.net
flibusta.is
flisland.net
kinozal.me
lostfilm.run
lostfilm.tv
lostfilm.win
maintracker.org
newstudio.tv
nnmclub.to
nnmstatic.win
open.stealth.si
rustorka.com
rutor.info
rutor.is
rutor.org
rutracker.cc
rutracker.cr
rutracker.me
rutracker.net
rutracker.nl
rutracker.org
rutracker.ru
rutracker.wiki
rutrecker.net
rutrk.org
t-ru.org
thepiratebay.org
torrent.by
torrindex.net
tr.ysagin.top
tr3.ysagin.top
tracker.torrent.eu.org
wstracker.online
