10minutemail.com
apps.canva-apps.com
bestchange.net
bestchange.ru
canva.com
datalore.io
deepl.com
getsentry.net
grazie.ai
intellij.com
intellij.net
intellij.org
jb.gg
jetbrains.ai
jetbrains.com
jetbrains.net
jetbrains.space
jetbrains.team
kotlinlang.org
miro.com
mirostatic.com
notion-static.com
notion.com
notion.new
notion.site
notion.so
notionusercontent.com
sentry-cdn.com
sentry.dev
sentry.io
strava.com
thirdparty-public-apps-media.canva-apps.com
tuta.com
whoop.com
youtrack.cloud
zapier-deployment.com
zapier.com
