1018213540.rsc.cdn77.org
1c.com
2ch.hk
actualidad-rt.com
advmaker.net
africa-rt.com
bitrix.info
emias.info
esrt.press
estr.online
interfax.com
mradx.net
mvk.com
mycdn.me
news-pravda.com
ozonusercontent.com
pravda.com
rostaxi.org
rt-afrique.com
rt.com
rtafrica.media
rtafrique.online
ru
ru.com
ru.net
showip.net
sputnikglobe.com
sputniknews.com
su
tass.com
userapi.com
vk-apps.com
vk-cdn.me
vk-cdn.net
vk-portal.net
vk.cc
vk.com
vk.company
vk.design
vk.link
vk.me
vk.team
vkcache.com
vkgo.app
vklive.app
vkmessenger.app
vkmessenger.com
vkuser.net
vkuseraudio.com
vkuseraudio.net
vkuserlive.net
vkuservideo.com
vkuservideo.net
xn--80adxhks
xn--80asehdb
xn--80aswg
xn--c1avg
xn--d1acj3b
xn--p1acf
xn--p1ai
yandex
yandex-bank.net
yandex-images.clstorage.net
yandex.aero
yandex.az
yandex.by
yandex.co.il
yandex.com
yandex.com.am
yandex.com.ge
yandex.com.tr
yandex.com.ua
yandex.de
yandex.ee
yandex.eu
yandex.fi
yandex.fr
yandex.jobs
yandex.kg
yandex.kz
yandex.lt
yandex.lv
yandex.md
yandex.net
yandex.org
yandex.pl
yandex.st
yandex.sx
yandex.tj
yandex.tm
yandex.ua
yandex.uz
yandexadexchange.net
yandexcloud.net
yandexcom.net
yandexwebcache.org
yastatic.net
