2001:218:3004::/48
2001:57a:102::/47
2001:c38:500a::/48
2001:4450:40::/48
2001:4457:ff0::/48
2001:4546:1003::/48
2403:c780:7203::/48
2404:c800:8203::/48
2405:9600::/32
2405:9800:b::/48
2600:1400::/24
2600:1400:800::/48
2600:1400:1800::/48
2600:1400:2800::/48
2600:1400:8000::/48
2600:1400:9000::/48
2600:1400:b000::/48
2600:1400:f000::/48
2600:1401:2000::/48
2600:1401:4000::/48
2600:1401:6000::/48
2600:1401:c000::/48
2600:1401:d000::/48
2600:1401:f000::/48
2600:1402:16::/48
2600:1402:19::/48
2600:1402:400::/48
2600:1402:800::/48
2600:1402:1400::/48
2600:1402:1c00::/48
2600:1402:3000::/48
2600:1402:5000::/48
2600:1402:6800::/48
2600:1402:7800::/48
2600:1402:8000::/48
2600:1402:8800::/48
2600:1402:9800::/48
2600:1402:a800::/48
2600:1402:b800::/48
2600:1402:c000::/48
2600:1402:c800::/48
2600:1402:d800::/48
2600:1402:f000::/48
2600:1403:4000::/48
2600:1403:5400::/48
2600:1403:6000::/48
2600:1403:8400::/48
2600:1403:9400::/48
2600:1403:9c00::/48
2600:1403:a400::/48
2600:1403:ac00::/48
2600:1403:c400::/48
2600:1403:cc00::/48
2600:1403:d400::/48
2600:1403:dc00::/48
2600:1404:27::/48
2600:1404:200::/48
2600:1404:600::/48
2600:1404:a00::/48
2600:1404:e00::/48
2600:1404:1200::/48
2600:1404:1400::/48
2600:1404:1600::/48
2600:1404:1800::/48
2600:1404:2e00::/48
2600:1404:5400::/48
2600:1404:5c00::/48
2600:1404:6000::/48
2600:1404:6400::/48
2600:1404:6c00::/48
2600:1404:7000::/48
2600:1404:8400::/48
2600:1404:9400::/48
2600:1404:9c00::/48
2600:1404:b400::/48
2600:1404:bc00::/48
2600:1404:cc00::/48
2600:1404:d400::/48
2600:1404:dc00::/48
2600:1404:e400::/48
2600:1404:ec00::/48
2600:1404:f400::/48
2600:1404:fc00::/48
2600:1405:8::/48
2600:1405:401::/48
2600:1405:800::/47
2600:1405:1000::/48
2600:1405:1800::/48
2600:1405:3000::/48
2600:1405:4000::/48
2600:1405:6400::/48
2600:1405:6c00::/48
2600:1405:7000::/48
2600:1405:7400::/48
2600:1405:7c00::/48
2600:1405:8400::/48
2600:1405:8c00::/48
2600:1405:9000::/48
2600:1405:a000::/48
2600:1405:b000::/48
2600:1405:b400::/48
2600:1405:bc00::/48
2600:1405:c000::/48
2600:1405:d000::/48
2600:1405:d400::/48
2600:1405:dc00::/48
2600:1405:e000::/48
2600:1405:e400::/48
2600:1405:ec00::/48
2600:1405:f000::/48
2600:1405:f400::/48
2600:1406:1a::/48
2600:1406:34::/47
2600:1406:3b::/48
2600:1406:3c::/48
2600:1406:3f::/48
2600:1406:40::/48
2600:1406:a00::/48
2600:1406:1800::/48
2600:1406:1e00::/48
2600:1406:2200::/48
2600:1406:2800::/48
2600:1406:2a00::/48
2600:1406:2e00::/48
2600:1406:3400::/48
2600:1406:3600::/48
2600:1406:3800::/48
2600:1406:3a00::/48
2600:1406:3c00::/48
2600:1406:3e00::/48
2600:1406:4200::/48
2600:1406:4400::/48
2600:1406:4600::/48
2600:1406:4a00::/48
2600:1406:4c00::/48
2600:1406:4e00::/48
2600:1406:5200::/48
2600:1406:5400::/48
2600:1406:5600::/48
2600:1406:5800::/48
2600:1406:5a00::/48
2600:1406:5e00::/48
2600:1406:6000::/48
2600:1406:6200::/48
2600:1406:6400::/48
2600:1406:6800::/48
2600:1406:6c00::/48
2600:1406:7800::/48
2600:1406:8800::/48
2600:1406:a000::/48
2600:1406:b400::/48
2600:1406:bc00::/48
2600:1406:c400::/48
2600:1406:cc00::/48
2600:1406:d000::/48
2600:1406:d400::/48
2600:1406:dc00::/48
2600:1406:e400::/48
2600:1407:1::/48
2600:1407:5::/48
2600:1407:1d::/48
2600:1407:21::/48
2600:1407:1800::/48
2600:1407:2c00::/48
2600:1407:3000::/48
2600:1407:3c00::/48
2600:1407:4400::/48
2600:1407:5c00::/48
2600:1407:6400::/48
2600:1407:6c00::/48
2600:1407:7400::/48
2600:1407:7800::/48
2600:1407:7c00::/48
2600:1407:9c00::/48
2600:1407:a800::/48
2600:1407:b800::/48
2600:1407:c800::/48
2600:1407:d800::/48
2600:1407:e800::/48
2600:1408:7::/48
2600:1408:b::/48
2600:1408:10::/48
2600:1408:17::/48
2600:1408:19::/48
2600:1408:20::/48
2600:1408:22::/48
2600:1408:24::/48
2600:1408:600::/48
2600:1408:1c00::/48
2600:1408:2000::/48
2600:1408:4800::/48
2600:1408:5000::/48
2600:1408:5400::/48
2600:1408:6400::/48
2600:1408:7400::/48
2600:1408:8400::/48
2600:1408:8800::/48
2600:1408:8c00::/48
2600:1408:9000::/48
2600:1408:9800::/48
2600:1408:9c00::/48
2600:1408:a400::/48
2600:1408:ac00::/48
2600:1408:b400::/48
2600:1408:c000::/48
2600:1408:c400::/48
2600:1408:dc00::/48
2600:1408:e000::/48
2600:1408:e400::/48
2600:1408:ec00::/48
2600:1408:f400::/48
2600:1409:12::/48
2600:1409:1800::/48
2600:1409:2800::/48
2600:1409:2c00::/48
2600:1409:3800::/48
2600:1409:3c00::/48
2600:1409:4400::/48
2600:1409:4c00::/48
2600:1409:5000::/48
2600:1409:5800::/48
2600:1409:6000::/48
2600:1409:7800::/48
2600:1409:8800::/48
2600:1409:9800::/48
2600:1409:a800::/48
2600:1409:c800::/48
2600:1409:d000::/48
2600:1409:e800::/48
2600:1409:f800::/48
2600:140a::/48
2600:140a:1000::/48
2600:140a:3000::/48
2600:140a:5000::/48
2600:140a:7000::/48
2600:140a:a000::/48
2600:140a:c000::/48
2600:140b:2::/47
2600:140b:5::/48
2600:140b:14::/47
2600:140b:200::/48
2600:140b:400::/48
2600:140b:800::/48
2600:140b:a00::/48
2600:140b:c00::/48
2600:140b:e00::/48
2600:140b:1200::/48
2600:140b:1600::/48
2600:140b:1800::/48
2600:140b:1a00::/48
2600:140b:1c00::/48
2600:140b:1e00::/48
2600:140b:2200::/48
2600:140b:2600::/48
2600:140b:2800::/48
2600:140b:2a00::/48
2600:140b:2c00::/48
2600:140b:2e00::/48
2600:140b:3000::/48
2600:140b:3200::/48
2600:140b:3a00::/48
2600:140b:4800::/48
2600:140b:5800::/48
2600:140b:6800::/48
2600:140b:6c00::/48
2600:140b:7000::/48
2600:140b:7800::/48
2600:140b:8400::/48
2600:140b:8800::/48
2600:140b:9000::/48
2600:140b:9800::/48
2600:140b:9c00::/48
2600:140b:a400::/48
2600:140b:a800::/48
2600:140b:ac00::/48
2600:140b:b000::/48
2600:140b:b400::/48
2600:140b:b800::/48
2600:140b:bc00::/48
2600:140b:c000::/48
2600:140b:cc00::/48
2600:140b:d400::/48
2600:140b:d800::/48
2600:140b:e000::/48
2600:140b:e400::/48
2600:140b:e800::/48
2600:140b:ec00::/48
2600:140b:f000::/48
2600:140b:f400::/48
2600:140b:fc00::/48
2600:140e:2::/48
2600:140e:6::/47
2600:140f:3::/48
2600:140f:4::/46
2600:140f:9::/48
2600:140f:1e00::/48
2600:140f:2e00::/48
2600:140f:3400::/48
2600:140f:5e00::/48
2600:140f:6200::/48
2600:140f:6400::/48
2600:140f:7200::/48
2600:140f:7600::/48
2600:140f:c800::/48
2600:140f:f800::/48
2600:1410::/48
2600:1410:1000::/48
2600:1410:3000::/48
2600:1410:4000::/48
2600:1410:4800::/48
2600:1410:5000::/48
2600:1410:6000::/48
2600:1410:7000::/48
2600:1410:8000::/48
2600:1410:9000::/48
2600:1410:b000::/48
2600:1410:d000::/48
2600:1410:e000::/48
2600:1411:1::/48
2600:1411:2000::/48
2600:1411:a000::/48
2600:1411:e000::/48
2600:1413:1::/48
2600:1413:1000::/48
2600:1413:2000::/48
2600:1413:3000::/48
2600:1413:3800::/48
2600:1413:4000::/48
2600:1413:4800::/48
2600:1413:5000::/48
2600:1413:6000::/48
2600:1413:7000::/48
2600:1413:8000::/48
2600:1413:9000::/48
2600:1413:a000::/48
2600:1413:b000::/48
2600:1413:c000::/48
2600:1413:d000::/48
2600:1413:e000::/48
2600:1414::/48
2600:1414:8000::/48
2600:1415:5::/48
2600:1415:8::/48
2600:1415:a::/48
2600:1415:10::/47
2600:1415:12::/48
2600:1415:15::/48
2600:1415:18::/48
2600:1415:400::/48
2600:1415:800::/48
2600:1415:c00::/48
2600:1415:1000::/48
2600:1415:1400::/48
2600:1415:1800::/48
2600:1415:1c00::/48
2600:1415:2400::/48
2600:1415:2800::/48
2600:1415:2c00::/48
2600:1415:3400::/48
2600:1415:3800::/48
2600:1415:3c00::/48
2600:1415:4000::/48
2600:1415:4800::/48
2600:1415:4c00::/48
2600:1415:5400::/48
2600:1415:5800::/48
2600:1415:5c00::/48
2600:1415:6c00::/48
2600:1415:7400::/48
2600:1415:8800::/48
2600:1415:9000::/48
2600:1415:9c00::/48
2600:1415:a000::/48
2600:1415:a400::/48
2600:1415:b000::/48
2600:1415:b800::/48
2600:1415:d000::/48
2600:1415:e000::/48
2600:1415:e800::/48
2600:1415:f000::/48
2600:1415:f800::/48
2600:1416:3000::/48
2600:1416:5000::/48
2600:1416:7000::/48
2600:1416:9000::/48
2600:1416:a000::/48
2600:1417:2::/47
2600:1417:7::/48
2600:1417:e::/47
2600:1417:12::/48
2600:1417:18::/48
2600:1417:1b::/48
2600:1417:1d::/48
2600:1417:28::/48
2600:1417:2a::/47
2600:1417:2f::/48
2600:1417:30::/47
2600:1417:32::/48
2600:1417:3f::/48
2600:1417:41::/48
2600:1417:43::/48
2600:1417:45::/48
2600:1417:46::/47
2600:1417:48::/48
2600:1417:4b::/48
2600:1417:4c::/47
2600:1417:4f::/48
2600:1417:52::/48
2600:1417:5e::/48
2600:1417:61::/48
2600:1417:63::/48
2600:1417:66::/47
2600:1417:73::/48
2600:1417:75::/48
2600:1417:76::/48
2600:1417:7a::/48
2600:1417:1800::/48
2600:1417:2000::/48
2600:1417:3800::/48
2600:1417:3c00::/48
2600:1417:4000::/48
2600:1417:4400::/48
2600:1417:4c00::/48
2600:1417:5c00::/48
2600:1417:6000::/48
2600:1417:6800::/48
2600:1417:6c00::/48
2600:1417:7000::/48
2600:1417:7c00::/48
2600:1417:8000::/48
2600:1417:8400::/48
2600:1417:8c00::/48
2600:1417:9000::/48
2600:1417:a800::/48
2600:1417:c800::/48
2600:1417:e400::/48
2600:1417:e800::/48
2600:1418:1000::/48
2600:1418:6000::/48
2600:1418:a000::/48
2600:1418:e000::/48
2600:1419:9::/48
2600:1419:200::/48
2600:1419:600::/48
2600:1419:a00::/48
2600:1419:e00::/48
2600:1419:1200::/48
2600:1419:1600::/48
2600:1419:1a00::/48
2600:1419:1c00::/48
2600:1419:2a00::/48
2600:1419:2c00::/48
2600:1419:2e00::/48
2600:1419:3200::/48
2600:1419:3600::/48
2600:1419:3a00::/48
2600:1419:3e00::/48
2600:1419:4200::/48
2600:1419:4400::/48
2600:1419:4600::/48
2600:1419:4a00::/48
2600:1419:4e00::/48
2600:1419:5200::/48
2600:1419:5600::/48
2600:1419:5a00::/48
2600:1419:6200::/48
2600:1419:6600::/48
2600:1419:6a00::/48
2600:1419:6e00::/48
2600:1419:7a00::/48
2600:1419:7e00::/48
2600:1419:8200::/48
2600:1419:8400::/48
2600:1419:8600::/48
2600:1419:8a00::/48
2600:1419:8e00::/48
2600:1419:9c00::/48
2600:1419:9e00::/48
2600:1419:a200::/48
2600:1419:a400::/48
2600:1419:ac00::/48
2600:1419:c200::/48
2600:1419:c600::/48
2600:1419:cc00::/48
2600:1419:d400::/48
2600:1419:ec00::/48
2600:1419:f400::/48
2600:1419:fc00::/48
2600:141a:8000::/48
2600:141b:13::/48
2600:141b:400::/48
2600:141b:c00::/48
2600:141b:1400::/48
2600:141b:1c00::/48
2600:141b:2000::/48
2600:141b:4800::/48
2600:141b:5000::/48
2600:141b:5800::/48
2600:141b:6000::/48
2600:141b:6800::/48
2600:141b:7000::/48
2600:141b:9000::/48
2600:141b:b000::/48
2600:141b:b800::/48
2600:141b:c800::/48
2600:141b:d000::/48
2600:141b:d800::/48
2600:141b:e800::/48
2600:141b:f000::/48
2600:141b:f800::/48
2600:141c:5::/48
2600:141c:6::/47
2600:141c:800::/48
2600:141c:1000::/48
2600:141c:1400::/48
2600:141c:1800::/48
2600:141c:1c00::/48
2600:141c:2000::/48
2600:141c:2800::/48
2600:141c:3800::/48
2600:141c:4000::/48
2600:141c:4800::/48
2600:141c:5000::/48
2600:141c:6800::/48
2600:141c:7800::/48
2600:141c:8800::/48
2600:141c:9800::/48
2600:141c:b000::/48
2600:141c:c000::/48
2600:141c:e000::/48
2600:141c:e800::/48
2600:141c:f000::/48
2600:141c:f800::/48
2600:141d:8000::/48
2600:141f:4000::/48
2600:141f:c000::/48
2600:1460:10::/48
2600:1488:4000::/46
2600:1488:4004::/48
2600:1488:4006::/47
2600:1488:4040::/47
2600:1488:4042::/48
2600:1488:4081::/48
2600:1488:4082::/48
2600:1488:4100::/47
2600:1488:4180::/47
2600:1488:41c0::/47
2600:1488:5fc0::/48
2600:1488:5fc2::/47
2600:1488:5fc4::/48
2600:1488:6000::/48
2600:1488:6003::/48
2600:1488:6040::/47
2600:1488:6080::/47
2600:1488:6082::/48
2600:1488:60c0::/47
2600:1488:60c2::/48
2600:1488:6100::/48
2600:1488:6140::/48
2600:1488:6150::/48
2600:1488:6160::/48
2600:1488:6180::/48
2600:1488:61c0::/48
2600:1488:6200::/48
2600:1488:6240::/48
2600:1488:6280::/48
2600:1488:62c0::/47
2600:1488:6300::/47
2600:1488:6340::/48
2600:1488:6380::/48
2600:1488:6420::/48
2600:1488:6460::/48
2600:1488:6480::/48
2600:1488:8000::/48
2600:1488:8002::/47
2600:1488:8004::/47
2600:1488:8040::/47
2600:1488:a000::/46
2600:1488:a004::/47
2600:1488:a007::/48
2600:1488:a009::/48
2600:1488:a00b::/48
2600:1488:a040::/48
2600:1488:a080::/48
2600:1488:a0c0::/48
2600:1488:a100::/48
2600:1488:a140::/48
2600:1488:a180::/48
2600:1488:a1c0::/48
2600:1488:a200::/48
2600:1488:a240::/48
2600:1488:a280::/48
2600:1488:a300::/48
2600:1488:a320::/48
2600:1488:a340::/48
2600:1488:a360::/48
2600:1488:a380::/48
2600:1488:a400::/48
2600:1488:a420::/48
2600:1488:a440::/48
2600:1488:a460::/48
2600:1488:a480::/48
2600:1488:a500::/48
2600:1488:a520::/48
2600:1488:b000::/48
2600:1488:c000::/47
2600:1488:c010::/48
2600:1488:c020::/48
2600:1488:c030::/48
2600:1488:c040::/48
2600:1488:c060::/48
2600:1488:c080::/48
2600:1488:c120::/48
2600:1488:c140::/48
2600:14a0::/40
2600:14a0::/48
2600:14a0:8::/48
2600:14a0:20::/48
2600:14a0:60::/48
2600:14a0:80::/48
2600:14a0:90::/48
2600:14a0:b0::/48
2600:14a0:f0::/48
2600:14a0:100::/48
2600:3c0f:53::/48
2606:6c00:2000::/48
2620:104:a000::/44
2620:104:a003::/48
2620:104:a004::/48
2620:104:a00a::/47
2800:280:4001::/48
2806:1030:cefe::/48
2806:1070:cefe::/48
2806:1080:cefe::/48
2806:10b0:cefe::/48
2a02:26f0::/29
2a02:26f0::/32
2a02:26f0:4::/48
2a02:26f0:2c::/47
2a02:26f0:30::/47
2a02:26f0:32::/48
2a02:26f0:37::/48
2a02:26f0:3b::/48
2a02:26f0:41::/48
2a02:26f0:5f::/48
2a02:26f0:82::/48
2a02:26f0:98::/48
2a02:26f0:ad::/48
2a02:26f0:b5::/48
2a02:26f0:c6::/48
2a02:26f0:c9::/48
2a02:26f0:d0::/48
2a02:26f0:d7::/48
2a02:26f0:d8::/48
2a02:26f0:dc::/48
2a02:26f0:de::/47
2a02:26f0:e0::/48
2a02:26f0:e2::/48
2a02:26f0:e8::/48
2a02:26f0:f3::/48
2a02:26f0:fd::/48
2a02:26f0:118::/48
2a02:26f0:11a::/48
2a02:26f0:123::/48
2a02:26f0:127::/48
2a02:26f0:280::/48
2a02:26f0:300::/48
2a02:26f0:380::/48
2a02:26f0:480::/48
2a02:26f0:500::/48
2a02:26f0:580::/48
2a02:26f0:600::/48
2a02:26f0:680::/48
2a02:26f0:780::/48
2a02:26f0:980::/48
2a02:26f0:a00::/48
2a02:26f0:a80::/48
2a02:26f0:b80::/48
2a02:26f0:c80::/48
2a02:26f0:d80::/48
2a02:26f0:e00::/48
2a02:26f0:e80::/48
2a02:26f0:f80::/48
2a02:26f0:1080::/48
2a02:26f0:1180::/48
2a02:26f0:1200::/48
2a02:26f0:1380::/48
2a02:26f0:1480::/48
2a02:26f0:1700::/48
2a02:26f0:1780::/48
2a02:26f0:1880::/48
2a02:26f0:1900::/48
2a02:26f0:1b00::/48
2a02:26f0:1c80::/48
2a02:26f0:1d00::/48
2a02:26f0:1d80::/48
2a02:26f0:2100::/48
2a02:26f0:2380::/48
2a02:26f0:2480::/48
2a02:26f0:2780::/48
2a02:26f0:2880::/48
2a02:26f0:2b80::/48
2a02:26f0:2c80::/48
2a02:26f0:2d80::/48
2a02:26f0:3000::/48
2a02:26f0:3080::/48
2a02:26f0:3100::/48
2a02:26f0:3380::/48
2a02:26f0:3400::/48
2a02:26f0:3480::/48
2a02:26f0:3500::/48
2a02:26f0:3580::/48
2a02:26f0:3700::/48
2a02:26f0:3780::/48
2a02:26f0:3880::/48
2a02:26f0:3900::/48
2a02:26f0:4000::/48
2a02:26f0:4200::/48
2a02:26f0:4300::/48
2a02:26f0:4600::/48
2a02:26f0:4700::/48
2a02:26f0:4800::/48
2a02:26f0:5200::/48
2a02:26f0:5700::/48
2a02:26f0:5800::/48
2a02:26f0:5900::/48
2a02:26f0:5c00::/48
2a02:26f0:5d00::/48
2a02:26f0:5f00::/48
2a02:26f0:6000::/48
2a02:26f0:6100::/48
2a02:26f0:6400::/48
2a02:26f0:6600::/48
2a02:26f0:6900::/48
2a02:26f0:6b00::/48
2a02:26f0:6d00::/48
2a02:26f0:7000::/48
2a02:26f0:7100::/48
2a02:26f0:7400::/48
2a02:26f0:7700::/48
2a02:26f0:7900::/48
2a02:26f0:7b00::/48
2a02:26f0:7c00::/48
2a02:26f0:7d00::/48
2a02:26f0:8100::/48
2a02:26f0:8300::/48
2a02:26f0:8400::/48
2a02:26f0:8500::/48
2a02:26f0:8700::/48
2a02:26f0:8800::/48
2a02:26f0:8900::/48
2a02:26f0:8b00::/48
2a02:26f0:8c00::/48
2a02:26f0:8d00::/48
2a02:26f0:8f00::/48
2a02:26f0:9100::/48
2a02:26f0:9200::/48
2a02:26f0:9300::/48
2a02:26f0:9400::/48
2a02:26f0:9500::/48
2a02:26f0:9800::/48
2a02:26f0:9b00::/48
2a02:26f0:9c00::/48
2a02:26f0:9d00::/48
2a02:26f0:9f00::/48
2a02:26f0:a100::/48
2a02:26f0:a300::/48
2a02:26f0:a400::/48
2a02:26f0:a500::/48
2a02:26f0:a600::/48
2a02:26f0:a900::/48
2a02:26f0:aa00::/48
2a02:26f0:ab00::/48
2a02:26f0:ad00::/48
2a02:26f0:ae00::/48
2a02:26f0:b200::/48
2a02:26f0:b400::/48
2a02:26f0:b500::/48
2a02:26f0:b600::/48
2a02:26f0:b700::/48
2a02:26f0:b900::/48
2a02:26f0:bc00::/48
2a02:26f0:c000::/48
2a02:26f0:c900::/48
2a02:26f0:cc00::/48
2a02:26f0:d200::/48
2a02:26f0:d300::/48
2a02:26f0:d400::/48
2a02:26f0:db00::/48
2a02:26f0:e000::/48
2a02:26f0:e200::/48
2a02:26f0:e300::/48
2a02:26f0:e600::/48
2a02:26f0:ea00::/48
2a02:26f0:ee00::/48
2a02:26f0:f500::/48
2a02:26f0:f700::/48
2a02:26f0:f900::/48
2a02:26f0:fa00::/48
2a02:26f0:fb00::/48
2a02:26f0:fd00::/48
2a02:26f0:fe00::/48
2a02:26f0:ff00::/48
2a02:26f6::/48
2a02:26f7:2::/48
2a02:26f7:4::/48
2a02:26f7:6::/48
2a02:26f7:a::/48
2a02:26f7:c::/48
2a02:26f7:10::/48
2a02:26f7:12::/48
2a02:26f7:16::/48
2a02:26f7:18::/48
2a02:26f7:1a::/48
2a02:26f7:1c::/48
2a02:26f7:1e::/48
2a02:26f7:20::/48
2a02:26f7:22::/48
2a02:26f7:24::/48
2a02:26f7:26::/48
2a02:26f7:28::/48
2a02:26f7:2c::/48
2a02:26f7:2e::/48
2a02:26f7:30::/48
2a02:26f7:32::/48
2a02:26f7:34::/48
2a02:26f7:36::/48
2a02:26f7:3a::/48
2a02:26f7:3e::/48
2a02:26f7:44::/48
2a02:26f7:46::/48
2a02:26f7:48::/48
2a02:26f7:4c::/48
2a02:26f7:4e::/48
2a02:26f7:50::/48
2a02:26f7:52::/48
2a02:26f7:54::/48
2a02:26f7:56::/48
2a02:26f7:58::/48
2a02:26f7:5a::/48
2a02:26f7:5c::/48
2a02:26f7:60::/48
2a02:26f7:62::/48
2a02:26f7:64::/48
2a02:26f7:66::/48
2a02:26f7:6a::/48
2a02:26f7:70::/48
2a02:26f7:74::/48
2a02:26f7:76::/48
2a02:26f7:78::/48
2a02:26f7:7a::/48
2a02:26f7:88::/48
2a02:26f7:8c::/48
2a02:26f7:92::/48
2a02:26f7:94::/48
2a02:26f7:98::/48
2a02:26f7:9c::/48
2a02:26f7:9e::/48
2a02:26f7:a0::/48
2a02:26f7:a2::/48
2a02:26f7:a4::/48
2a02:26f7:a6::/48
2a02:26f7:ac::/48
2a02:26f7:ae::/48
2a02:26f7:b0::/47
2a02:26f7:b2::/48
2a02:26f7:b4::/48
2a02:26f7:b6::/48
2a02:26f7:ba::/47
2a02:26f7:bc::/48
2a02:26f7:be::/48
2a02:26f7:c0::/48
2a02:26f7:c4::/48
2a02:26f7:c6::/48
2a02:26f7:c8::/48
2a02:26f7:cc::/48
2a02:26f7:ce::/47
2a02:26f7:d0::/48
2a02:26f7:d2::/47
2a02:26f7:d4::/48
2a02:26f7:d8::/48
2a02:26f7:da::/48
2a02:26f7:e2::/48
2a02:26f7:e4::/48
2a02:26f7:e6::/48
2a02:26f7:e8::/48
2a02:26f7:ea::/48
2a02:26f7:ec::/47
2a02:26f7:ee::/48
2a02:26f7:f0::/48
2a02:26f7:f3::/48
2a02:26f7:f4::/48
2a02:26f7:f8::/47
2a02:26f7:fa::/48
2a02:26f7:fc::/48
2a02:26f7:fe::/47
2a02:26f7:102::/48
2a02:26f7:104::/48
2a02:26f7:106::/48
2a02:26f7:108::/48
2a02:26f7:10a::/47
2a02:26f7:10c::/48
2a02:26f7:114::/48
2a02:26f7:120::/48
2a02:26f7:122::/47
2a02:26f7:124::/48
2a02:26f7:126::/48
2a02:26f7:128::/47
2a02:26f7:12a::/48
2a02:26f7:12c::/48
2a02:26f7:12e::/47
2a02:26f7:130::/47
2a02:26f7:132::/48
2a02:26f7:135::/48
2a02:26f7:136::/48
2a02:26f7:138::/48
2a02:26f7:13a::/47
2a02:26f7:13c::/48
2a02:26f7:13e::/48
2a02:26f7:140::/48
2a02:26f7:142::/47
2a02:26f7:144::/48
2a02:26f7:146::/47
2a02:26f7:148::/47
2a02:26f7:14b::/48
2a02:26f7:14c::/47
2a02:26f7:14e::/48
2a02:26f7:152::/47
2a02:26f7:154::/46
2a02:26f7:158::/48
2a02:26f7:15a::/47
2a02:26f7:15c::/46
2a02:26f7:160::/46
2a02:26f7:164::/48
2a02:26f7:200::/48
2a02:26f7:b000::/44
2a02:26f7:b010::/45
2a02:26f7:b040::/42
2a02:26f7:b0c0::/44
2a02:26f7:b0d0::/45
2a02:26f7:b0d8::/48
2a02:26f7:b100::/44
2a02:26f7:b110::/45
2a02:26f7:b118::/46
2a02:26f7:b11c::/48
2a02:26f7:b200::/43
2a02:26f7:b220::/44
2a02:26f7:b234::/46
2a02:26f7:b238::/45
2a02:26f7:b240::/44
2a02:26f7:b250::/45
2a02:26f7:b25c::/46
2a02:26f7:b260::/43
2a02:26f7:b280::/44
2a02:26f7:b290::/46
2a02:26f7:b340::/43
2a02:26f7:b360::/44
2a02:26f7:b370::/45
2a02:26f7:b380::/47
2a02:26f7:b382::/48
2a02:26f7:b384::/47
2a02:26f7:b388::/47
2a02:26f7:b38c::/48
2a02:26f7:b3c0::/48
2a02:26f7:b3c4::/48
2a02:26f7:b3c8::/48
2a02:26f7:b400::/48
2a02:26f7:b404::/48
2a02:26f7:b408::/48
2a02:26f7:b440::/48
2a02:26f7:b444::/48
2a02:26f7:b448::/48
2a02:26f7:b44c::/48
2a02:26f7:b450::/48
2a02:26f7:b480::/48
2a02:26f7:b484::/48
2a02:26f7:b488::/48
2a02:26f7:b4c0::/48
2a02:26f7:b4c2::/48
2a02:26f7:b4c4::/48
2a02:26f7:b4c8::/48
2a02:26f7:b4cc::/48
2a02:26f7:b4d0::/48
2a02:26f7:b500::/48
2a02:26f7:b502::/48
2a02:26f7:b504::/48
2a02:26f7:b50c::/48
2a02:26f7:b540::/48
2a02:26f7:b542::/48
2a02:26f7:b544::/48
2a02:26f7:b54c::/48
2a02:26f7:b550::/48
2a02:26f7:b5c0::/48
2a02:26f7:b5c4::/48
2a02:26f7:b5c8::/48
2a02:26f7:b600::/47
2a02:26f7:b604::/48
2a02:26f7:b608::/48
2a02:26f7:b640::/47
2a02:26f7:b644::/48
2a02:26f7:b648::/48
2a02:26f7:b680::/48
2a02:26f7:b684::/48
2a02:26f7:b688::/48
2a02:26f7:b68c::/48
2a02:26f7:b6c0::/48
2a02:26f7:b6c4::/48
2a02:26f7:b6c8::/48
2a02:26f7:b6cc::/48
2a02:26f7:b700::/48
2a02:26f7:b702::/48
2a02:26f7:b704::/48
2a02:26f7:b708::/48
2a02:26f7:b740::/48
2a02:26f7:b744::/47
2a02:26f7:b746::/48
2a02:26f7:b748::/48
2a02:26f7:b74c::/48
2a02:26f7:b780::/48
2a02:26f7:b784::/48
2a02:26f7:b786::/48
2a02:26f7:b788::/48
2a02:26f7:b7c0::/48
2a02:26f7:b7c4::/48
2a02:26f7:b7c8::/48
2a02:26f7:b800::/48
2a02:26f7:b804::/48
2a02:26f7:b808::/48
2a02:26f7:b840::/48
2a02:26f7:b844::/48
2a02:26f7:b848::/48
2a02:26f7:b84c::/48
2a02:26f7:b850::/48
2a02:26f7:b880::/48
2a02:26f7:b884::/48
2a02:26f7:b888::/48
2a02:26f7:b8c0::/48
2a02:26f7:b8c4::/48
2a02:26f7:b8c8::/48
2a02:26f7:b900::/48
2a02:26f7:b902::/48
2a02:26f7:b904::/48
2a02:26f7:b908::/48
2a02:26f7:b940::/48
2a02:26f7:b944::/48
2a02:26f7:b948::/48
2a02:26f7:b980::/48
2a02:26f7:b984::/47
2a02:26f7:b988::/48
2a02:26f7:b98a::/48
2a02:26f7:b98c::/48
2a02:26f7:b990::/48
2a02:26f7:b994::/48
2a02:26f7:b9a0::/48
2a02:26f7:b9a4::/48
2a02:26f7:b9a8::/48
2a02:26f7:b9ac::/48
2a02:26f7:b9b0::/48
2a02:26f7:b9b4::/48
2a02:26f7:b9c0::/48
2a02:26f7:b9c4::/47
2a02:26f7:b9c8::/48
2a02:26f7:b9d0::/48
2a02:26f7:b9d4::/48
2a02:26f7:ba00::/48
2a02:26f7:ba04::/48
2a02:26f7:ba08::/48
2a02:26f7:ba40::/48
2a02:26f7:ba44::/48
2a02:26f7:ba48::/48
2a02:26f7:ba80::/48
2a02:26f7:ba84::/47
2a02:26f7:ba88::/48
2a02:26f7:bac2::/48
2a02:26f7:bac4::/48
2a02:26f7:bac8::/48
2a02:26f7:bacc::/48
2a02:26f7:bb02::/48
2a02:26f7:bb04::/48
2a02:26f7:bb08::/48
2a02:26f7:bb42::/48
2a02:26f7:bb44::/48
2a02:26f7:bb48::/48
2a02:26f7:bb81::/48
2a02:26f7:bb84::/48
2a02:26f7:bb88::/48
2a02:26f7:bb8c::/47
2a02:26f7:bbc2::/48
2a02:26f7:bbc4::/48
2a02:26f7:bbc8::/48
2a02:26f7:bc02::/48
2a02:26f7:bc04::/48
2a02:26f7:bc08::/48
2a02:26f7:bc40::/48
2a02:26f7:bc44::/48
2a02:26f7:bc48::/48
2a02:26f7:bc80::/48
2a02:26f7:bc82::/48
2a02:26f7:bc84::/48
2a02:26f7:bc88::/48
2a02:26f7:bcc0::/48
2a02:26f7:bcc4::/48
2a02:26f7:bcc8::/48
2a02:26f7:bccc::/48
2a02:26f7:bcd0::/47
2a02:26f7:bd00::/48
2a02:26f7:bd08::/48
2a02:26f7:bd0c::/48
2a02:26f7:bd10::/48
2a02:26f7:bd40::/48
2a02:26f7:bd48::/48
2a02:26f7:bd4c::/48
2a02:26f7:bd50::/48
2a02:26f7:bd80::/48
2a02:26f7:bd84::/48
2a02:26f7:bd88::/48
2a02:26f7:bd8c::/48
2a02:26f7:bd90::/48
2a02:26f7:bdc0::/48
2a02:26f7:bdc2::/48
2a02:26f7:bdc6::/48
2a02:26f7:bdc8::/48
2a02:26f7:bdcc::/48
2a02:26f7:bdd0::/48
2a02:26f7:bdd4::/48
2a02:26f7:be00::/48
2a02:26f7:be08::/48
2a02:26f7:be0c::/48
2a02:26f7:be10::/48
2a02:26f7:be40::/48
2a02:26f7:be48::/48
2a02:26f7:be4c::/48
2a02:26f7:be50::/48
2a02:26f7:be80::/48
2a02:26f7:be88::/48
2a02:26f7:be8c::/48
2a02:26f7:be90::/48
2a02:26f7:bec0::/48
2a02:26f7:bec2::/48
2a02:26f7:bec8::/48
2a02:26f7:becc::/48
2a02:26f7:bed0::/48
2a02:26f7:bf00::/48
2a02:26f7:bf02::/48
2a02:26f7:bf08::/48
2a02:26f7:bf0c::/48
2a02:26f7:bf40::/48
2a02:26f7:bf42::/48
2a02:26f7:bf44::/48
2a02:26f7:bf46::/48
2a02:26f7:bf50::/48
2a02:26f7:bf80::/48
2a02:26f7:bf82::/48
2a02:26f7:bf84::/48
2a02:26f7:bf86::/48
2a02:26f7:bf90::/48
2a02:26f7:bfc0::/48
2a02:26f7:bfc2::/48
2a02:26f7:bfc4::/48
2a02:26f7:bfcc::/48
2a02:26f7:c000::/48
2a02:26f7:c002::/48
2a02:26f7:c009::/48
2a02:26f7:c010::/48
2a02:26f7:c014::/48
2a02:26f7:c040::/48
2a02:26f7:c042::/48
2a02:26f7:c04c::/48
2a02:26f7:c050::/48
2a02:26f7:c080::/48
2a02:26f7:c082::/48
2a02:26f7:c084::/48
2a02:26f7:c088::/48
2a02:26f7:c08c::/48
2a02:26f7:c0c0::/48
2a02:26f7:c0c4::/48
2a02:26f7:c0c8::/48
2a02:26f7:c100::/48
2a02:26f7:c104::/48
2a02:26f7:c108::/48
2a02:26f7:c140::/48
2a02:26f7:c144::/48
2a02:26f7:c148::/48
2a02:26f7:c14c::/48
2a02:26f7:c150::/48
2a02:26f7:c180::/48
2a02:26f7:c184::/48
2a02:26f7:c188::/48
2a02:26f7:c1c0::/48
2a02:26f7:c1c4::/48
2a02:26f7:c1c8::/48
2a02:26f7:c200::/48
2a02:26f7:c202::/48
2a02:26f7:c204::/48
2a02:26f7:c208::/48
2a02:26f7:c240::/48
2a02:26f7:c244::/48
2a02:26f7:c248::/48
2a02:26f7:c280::/48
2a02:26f7:c284::/48
2a02:26f7:c288::/48
2a02:26f7:c2c0::/48
2a02:26f7:c2c4::/48
2a02:26f7:c2c8::/48
2a02:26f7:c304::/48
2a02:26f7:c308::/48
2a02:26f7:c30c::/48
2a02:26f7:c344::/47
2a02:26f7:c348::/47
2a02:26f7:c34a::/48
2a02:26f7:c34c::/47
2a02:26f7:c350::/46
2a02:26f7:c354::/47
2a02:26f7:c356::/48
2a02:26f7:c358::/48
2a02:26f7:c384::/48
2a02:26f7:c388::/47
2a02:26f7:c38a::/48
2a02:26f7:c38c::/48
2a02:26f7:c391::/48
2a02:26f7:c3c4::/48
2a02:26f7:c3c8::/47
2a02:26f7:c3cc::/48
2a02:26f7:c3d0::/48
2a02:26f7:c3dc::/48
2a02:26f7:c3e0::/48
2a02:26f7:c3e4::/48
2a02:26f7:c400::/48
2a02:26f7:c404::/48
2a02:26f7:c408::/48
2a02:26f7:c40c::/48
2a02:26f7:c410::/48
2a02:26f7:c414::/48
2a02:26f7:c418::/48
2a02:26f7:c41c::/48
2a02:26f7:c420::/48
2a02:26f7:c440::/48
2a02:26f7:c442::/48
2a02:26f7:c444::/48
2a02:26f7:c44c::/48
2a02:26f7:c480::/48
2a02:26f7:c482::/48
2a02:26f7:c484::/48
2a02:26f7:c488::/48
2a02:26f7:c48c::/48
2a02:26f7:c490::/48
2a02:26f7:c4c0::/48
2a02:26f7:c4c2::/48
2a02:26f7:c4c4::/48
2a02:26f7:c4c8::/48
2a02:26f7:c4cc::/48
2a02:26f7:c4d0::/48
2a02:26f7:c4d4::/48
2a02:26f7:c500::/48
2a02:26f7:c502::/48
2a02:26f7:c504::/48
2a02:26f7:c508::/48
2a02:26f7:c540::/48
2a02:26f7:c542::/48
2a02:26f7:c548::/48
2a02:26f7:c54c::/48
2a02:26f7:c550::/48
2a02:26f7:c580::/48
2a02:26f7:c582::/48
2a02:26f7:c588::/48
2a02:26f7:c58c::/48
2a02:26f7:c5c0::/48
2a02:26f7:c5c4::/47
2a02:26f7:c5c8::/48
2a02:26f7:c600::/48
2a02:26f7:c602::/48
2a02:26f7:c604::/48
2a02:26f7:c608::/47
2a02:26f7:c640::/48
2a02:26f7:c644::/47
2a02:26f7:c648::/48
2a02:26f7:c680::/48
2a02:26f7:c684::/48
2a02:26f7:c688::/48
2a02:26f7:c68a::/48
2a02:26f7:c690::/48
2a02:26f7:c694::/48
2a02:26f7:c6c0::/48
2a02:26f7:c6c4::/47
2a02:26f7:c6c8::/48
2a02:26f7:c700::/48
2a02:26f7:c704::/48
2a02:26f7:c708::/48
2a02:26f7:c740::/48
2a02:26f7:c744::/47
2a02:26f7:c748::/48
2a02:26f7:c780::/48
2a02:26f7:c784::/47
2a02:26f7:c788::/48
2a02:26f7:c7c0::/48
2a02:26f7:c7c2::/48
2a02:26f7:c7c4::/48
2a02:26f7:c7c8::/47
2a02:26f7:c800::/48
2a02:26f7:c804::/47
2a02:26f7:c808::/48
2a02:26f7:c844::/48
2a02:26f7:c848::/48
2a02:26f7:c84c::/48
2a02:26f7:c880::/48
2a02:26f7:c884::/48
2a02:26f7:c888::/48
2a02:26f7:c88c::/47
2a02:26f7:c894::/48
2a02:26f7:c89c::/48
2a02:26f7:c8a0::/48
2a02:26f7:c8a2::/48
2a02:26f7:c8c0::/48
2a02:26f7:c8c4::/48
2a02:26f7:c8c8::/48
2a02:26f7:c8cc::/48
2a02:26f7:c8d0::/48
2a02:26f7:c8d4::/48
2a02:26f7:c8d8::/47
2a02:26f7:c900::/48
2a02:26f7:c904::/48
2a02:26f7:c908::/48
2a02:26f7:c940::/48
2a02:26f7:c944::/48
2a02:26f7:c949::/48
2a02:26f7:c94d::/48
2a02:26f7:c980::/48
2a02:26f7:c984::/48
2a02:26f7:c988::/48
2a02:26f7:c9c0::/48
2a02:26f7:c9c4::/48
2a02:26f7:c9c8::/48
2a02:26f7:c9cd::/48
2a02:26f7:c9d0::/48
2a02:26f7:c9d4::/48
2a02:26f7:ca00::/48
2a02:26f7:ca04::/47
2a02:26f7:ca08::/48
2a02:26f7:ca0c::/48
2a02:26f7:ca40::/48
2a02:26f7:ca44::/48
2a02:26f7:ca48::/48
2a02:26f7:ca80::/48
2a02:26f7:ca84::/48
2a02:26f7:ca88::/48
2a02:26f7:ca8d::/48
2a02:26f7:cac0::/48
2a02:26f7:cac2::/48
2a02:26f7:cac4::/48
2a02:26f7:cac6::/48
2a02:26f7:cacc::/48
2a02:26f7:cad0::/48
2a02:26f7:cb00::/48
2a02:26f7:cb02::/48
2a02:26f7:cb04::/48
2a02:26f7:cb0c::/48
2a02:26f7:cb10::/48
2a02:26f7:cb40::/48
2a02:26f7:cb44::/48
2a02:26f7:cb48::/48
2a02:26f7:cb80::/48
2a02:26f7:cb84::/48
2a02:26f7:cb88::/48
2a02:26f7:cbc0::/48
2a02:26f7:cbc2::/48
2a02:26f7:cbc4::/48
2a02:26f7:cbcc::/48
2a02:26f7:cc00::/48
2a02:26f7:cc04::/48
2a02:26f7:cc08::/48
2a02:26f7:cc40::/48
2a02:26f7:cc42::/48
2a02:26f7:cc44::/48
2a02:26f7:cc4c::/48
2a02:26f7:cc50::/48
2a02:26f7:cc54::/48
2a02:26f7:cc80::/48
2a02:26f7:cc82::/48
2a02:26f7:cc84::/48
2a02:26f7:cc88::/48
2a02:26f7:cc8c::/48
2a02:26f7:cc90::/48
2a02:26f7:ccc0::/48
2a02:26f7:ccc4::/48
2a02:26f7:ccc8::/48
2a02:26f7:cccc::/48
2a02:26f7:cd00::/48
2a02:26f7:cd04::/48
2a02:26f7:cd08::/48
2a02:26f7:cd42::/48
2a02:26f7:cd46::/48
2a02:26f7:cd48::/48
2a02:26f7:cd4c::/48
2a02:26f7:cd50::/48
2a02:26f7:cd54::/47
2a02:26f7:cd80::/48
2a02:26f7:cd82::/48
2a02:26f7:cd84::/48
2a02:26f7:cd88::/48
2a02:26f7:cd8c::/48
2a02:26f7:cdc0::/48
2a02:26f7:cdc4::/48
2a02:26f7:cdc8::/48
2a02:26f7:ce00::/48
2a02:26f7:ce04::/48
2a02:26f7:ce08::/48
2a02:26f7:ce40::/48
2a02:26f7:ce44::/48
2a02:26f7:ce48::/48
2a02:26f7:ce80::/48
2a02:26f7:ce88::/48
2a02:26f7:ce8c::/48
2a02:26f7:cec0::/48
2a02:26f7:cec8::/47
2a02:26f7:cecc::/48
2a02:26f7:ced0::/48
2a02:26f7:cf00::/48
2a02:26f7:cf08::/47
2a02:26f7:cf0c::/48
2a02:26f7:cf10::/48
2a02:26f7:cf40::/48
2a02:26f7:cf44::/48
2a02:26f7:cf48::/48
2a02:26f7:cf80::/48
2a02:26f7:cf84::/48
2a02:26f7:cf88::/48
2a02:26f7:cf8c::/48
2a02:26f7:cf90::/48
2a02:26f7:cfc0::/48
2a02:26f7:cfc4::/48
2a02:26f7:cfc8::/48
2a02:26f7:cfcc::/48
2a02:26f7:d000::/48
2a02:26f7:d004::/48
2a02:26f7:d008::/48
2a02:26f7:d040::/48
2a02:26f7:d044::/48
2a02:26f7:d048::/48
2a02:26f7:d080::/48
2a02:26f7:d084::/48
2a02:26f7:d088::/48
2a02:26f7:d0c0::/48
2a02:26f7:d0c4::/48
2a02:26f7:d0c8::/48
2a02:26f7:d100::/48
2a02:26f7:d104::/48
2a02:26f7:d108::/48
2a02:26f7:d140::/48
2a02:26f7:d144::/48
2a02:26f7:d148::/47
2a02:26f7:d14c::/48
2a02:26f7:d154::/47
2a02:26f7:d158::/47
2a02:26f7:d15c::/46
2a02:26f7:d160::/47
2a02:26f7:d162::/48
2a02:26f7:d180::/48
2a02:26f7:d184::/48
2a02:26f7:d188::/48
2a02:26f7:d18c::/48
2a02:26f7:d190::/48
2a02:26f7:d194::/48
2a02:26f7:d1c0::/48
2a02:26f7:d1c4::/48
2a02:26f7:d1c8::/48
2a02:26f7:d1cc::/48
2a02:26f7:d200::/48
2a02:26f7:d204::/48
2a02:26f7:d208::/48
2a02:26f7:d20c::/48
2a02:26f7:d210::/48
2a02:26f7:d240::/48
2a02:26f7:d242::/48
2a02:26f7:d244::/48
2a02:26f7:d248::/48
2a02:26f7:d24c::/48
2a02:26f7:d250::/48
2a02:26f7:d254::/48
2a02:26f7:d258::/48
2a02:26f7:d280::/48
2a02:26f7:d284::/48
2a02:26f7:d288::/48
2a02:26f7:d28c::/48
2a02:26f7:d2c0::/48
2a02:26f7:d2c4::/48
2a02:26f7:d2c8::/48
2a02:26f7:d300::/48
2a02:26f7:d304::/48
2a02:26f7:d308::/48
2a02:26f7:d340::/48
2a02:26f7:d348::/48
2a02:26f7:d34c::/48
2a02:26f7:d380::/48
2a02:26f7:d384::/48
2a02:26f7:d388::/47
2a02:26f7:d3c0::/48
2a02:26f7:d3c4::/48
2a02:26f7:d3c8::/47
2a02:26f7:d400::/48
2a02:26f7:d408::/48
2a02:26f7:d40c::/48
2a02:26f7:d440::/48
2a02:26f7:d444::/48
2a02:26f7:d448::/48
2a02:26f7:d44c::/48
2a02:26f7:d480::/48
2a02:26f7:d488::/48
2a02:26f7:d48c::/48
2a02:26f7:d4c0::/48
2a02:26f7:d4c4::/48
2a02:26f7:d4c8::/47
2a02:26f7:d4cc::/48
2a02:26f7:d4d0::/48
2a02:26f7:d500::/48
2a02:26f7:d504::/48
2a02:26f7:d510::/48
2a02:26f7:d540::/48
2a02:26f7:d544::/48
2a02:26f7:d548::/48
2a02:26f7:d54c::/48
2a02:26f7:d550::/48
2a02:26f7:d580::/48
2a02:26f7:d584::/48
2a02:26f7:d588::/48
2a02:26f7:d58c::/48
2a02:26f7:d5c0::/48
2a02:26f7:d5c4::/48
2a02:26f7:d5c8::/47
2a02:26f7:d600::/48
2a02:26f7:d608::/48
2a02:26f7:d60c::/48
2a02:26f7:d640::/48
2a02:26f7:d644::/48
2a02:26f7:d648::/48
2a02:26f7:d64c::/48
2a02:26f7:d650::/48
2a02:26f7:d680::/48
2a02:26f7:d688::/48
2a02:26f7:d68c::/48
2a02:26f7:d6c0::/47
2a02:26f7:d6c4::/47
2a02:26f7:d6c6::/48
2a02:26f7:d6cc::/48
2a02:26f7:d6d0::/48
2a02:26f7:d700::/48
2a02:26f7:d704::/48
2a02:26f7:d708::/47
2a02:26f7:d740::/48
2a02:26f7:d744::/48
2a02:26f7:d748::/48
2a02:26f7:d74c::/48
2a02:26f7:d780::/48
2a02:26f7:d784::/48
2a02:26f7:d788::/48
2a02:26f7:d78c::/48
2a02:26f7:d7c0::/48
2a02:26f7:d7c4::/48
2a02:26f7:d7c8::/48
2a02:26f7:d800::/48
2a02:26f7:d804::/48
2a02:26f7:d808::/47
2a02:26f7:d840::/48
2a02:26f7:d844::/48
2a02:26f7:d848::/48
2a02:26f7:d84c::/47
2a02:26f7:d850::/48
2a02:26f7:d880::/48
2a02:26f7:d884::/48
2a02:26f7:d888::/48
2a02:26f7:d8c0::/48
2a02:26f7:d8c2::/48
2a02:26f7:d8c4::/48
2a02:26f7:d8c6::/48
2a02:26f7:d8c8::/48
2a02:26f7:d900::/48
2a02:26f7:d908::/48
2a02:26f7:d90c::/48
2a02:26f7:d940::/48
2a02:26f7:d944::/48
2a02:26f7:d948::/48
2a02:26f7:d94c::/48
2a02:26f7:d980::/48
2a02:26f7:d984::/48
2a02:26f7:d988::/48
2a02:26f7:d9c0::/48
2a02:26f7:d9c2::/48
2a02:26f7:d9c4::/48
2a02:26f7:d9c8::/48
2a02:26f7:da00::/48
2a02:26f7:da04::/48
2a02:26f7:da08::/48
2a02:26f7:da0c::/48
2a02:26f7:da10::/48
2a02:26f7:da40::/48
2a02:26f7:da44::/48
2a02:26f7:da48::/48
2a02:26f7:da80::/48
2a02:26f7:da84::/48
2a02:26f7:da88::/48
2a02:26f7:db00::/48
2a02:26f7:db04::/48
2a02:26f7:db08::/48
2a02:26f7:db0c::/48
2a02:26f7:db10::/48
2a02:26f7:db40::/48
2a02:26f7:db44::/48
2a02:26f7:db48::/48
2a02:26f7:db80::/48
2a02:26f7:db84::/48
2a02:26f7:db88::/48
2a02:26f7:db8c::/48
2a02:26f7:dbc0::/48
2a02:26f7:dbc4::/48
2a02:26f7:dbc8::/48
2a02:26f7:dbcc::/48
2a02:26f7:dc00::/48
2a02:26f7:dc04::/48
2a02:26f7:dc08::/48
2a02:26f7:dc0c::/48
2a02:26f7:dc40::/48
2a02:26f7:dc44::/48
2a02:26f7:dc48::/48
2a02:26f7:dc4c::/48
2a02:26f7:dc80::/48
2a02:26f7:dc84::/48
2a02:26f7:dc88::/48
2a02:26f7:dc8c::/48
2a02:26f7:dcc0::/47
2a02:26f7:dcc4::/48
2a02:26f7:dcc8::/48
2a02:26f7:dd00::/48
2a02:26f7:dd04::/48
2a02:26f7:dd08::/48
2a02:26f7:dd40::/48
2a02:26f7:dd44::/48
2a02:26f7:dd48::/48
2a02:26f7:dd80::/48
2a02:26f7:dd84::/48
2a02:26f7:dd88::/48
2a02:26f7:ddc0::/48
2a02:26f7:ddc4::/48
2a02:26f7:ddc8::/48
2a02:26f7:de00::/48
2a02:26f7:de04::/48
2a02:26f7:de08::/48
2a02:26f7:de0c::/48
2a02:26f7:de40::/48
2a02:26f7:de44::/48
2a02:26f7:de48::/48
2a02:26f7:de80::/48
2a02:26f7:de84::/48
2a02:26f7:de88::/48
2a02:26f7:de8c::/48
2a02:26f7:de90::/48
2a02:26f7:dec0::/48
2a02:26f7:dec4::/48
2a02:26f7:dec8::/48
2a02:26f7:decc::/48
2a02:26f7:ded0::/48
2a02:26f7:df00::/48
2a02:26f7:df04::/48
2a02:26f7:df08::/48
2a02:26f7:df40::/48
2a02:26f7:df44::/48
2a02:26f7:df48::/48
2a02:26f7:df4c::/48
2a02:26f7:df80::/48
2a02:26f7:df84::/48
2a02:26f7:df88::/48
2a02:26f7:df8c::/48
2a02:26f7:dfc0::/48
2a02:26f7:dfc4::/48
2a02:26f7:dfc8::/48
2a02:26f7:dfcc::/47
2a02:26f7:e000::/48
2a02:26f7:e004::/48
2a02:26f7:e008::/48
2a02:26f7:e040::/48
2a02:26f7:e042::/48
2a02:26f7:e044::/48
2a02:26f7:e048::/48
2a02:26f7:e04c::/48
2a02:26f7:e080::/48
2a02:26f7:e084::/48
2a02:26f7:e088::/48
2a02:26f7:e08c::/48
2a02:26f7:e0c0::/48
2a02:26f7:e0c4::/48
2a02:26f7:e0c8::/48
2a02:26f7:e0cc::/48
2a02:26f7:e100::/48
2a02:26f7:e104::/48
2a02:26f7:e108::/48
2a02:26f7:e10c::/48
2a02:26f7:e140::/48
2a02:26f7:e144::/48
2a02:26f7:e148::/48
2a02:26f7:e14c::/48
2a02:26f7:e180::/48
2a02:26f7:e184::/48
2a02:26f7:e188::/48
2a02:26f7:e1c0::/48
2a02:26f7:e1c4::/48
2a02:26f7:e1c8::/48
2a02:26f7:e200::/48
2a02:26f7:e204::/48
2a02:26f7:e208::/48
2a02:26f7:e240::/48
2a02:26f7:e244::/48
2a02:26f7:e248::/48
2a02:26f7:e280::/48
2a02:26f7:e282::/48
2a02:26f7:e284::/48
2a02:26f7:e288::/48
2a02:26f7:e2c0::/48
2a02:26f7:e2c2::/48
2a02:26f7:e2c4::/48
2a02:26f7:e2c8::/48
2a02:26f7:e340::/48
2a02:26f7:e342::/48
2a02:26f7:e344::/48
2a02:26f7:e348::/48
2a02:26f7:e34c::/48
2a02:26f7:e380::/48
2a02:26f7:e384::/48
2a02:26f7:e388::/48
2a02:26f7:e38c::/48
2a02:26f7:e3c0::/48
2a02:26f7:e3c2::/48
2a02:26f7:e3c4::/48
2a02:26f7:e3c8::/48
2a02:26f7:e400::/48
2a02:26f7:e404::/48
2a02:26f7:e408::/48
2a02:26f7:e440::/48
2a02:26f7:e444::/48
2a02:26f7:e448::/48
2a02:26f7:e480::/48
2a02:26f7:e484::/48
2a02:26f7:e488::/48
2a02:26f7:e48c::/48
2a02:26f7:e490::/48
2a02:26f7:e4c0::/48
2a02:26f7:e4c2::/48
2a02:26f7:e4c4::/48
2a02:26f7:e4c8::/48
2a02:26f7:e500::/48
2a02:26f7:e502::/48
2a02:26f7:e504::/48
2a02:26f7:e506::/48
2a02:26f7:e508::/48
2a02:26f7:e510::/48
2a02:26f7:e514::/48
2a02:26f7:e51c::/48
2a02:26f7:e520::/48
2a02:26f7:e524::/48
2a02:26f7:e528::/48
2a02:26f7:e52c::/48
2a02:26f7:e530::/48
2a02:26f7:e540::/48
2a02:26f7:e544::/48
2a02:26f7:e548::/48
2a02:26f7:e580::/48
2a02:26f7:e584::/48
2a02:26f7:e588::/48
2a02:26f7:e5c0::/48
2a02:26f7:e5c2::/48
2a02:26f7:e5c8::/48
2a02:26f7:e600::/48
2a02:26f7:e602::/48
2a02:26f7:e604::/48
2a02:26f7:e640::/48
2a02:26f7:e642::/48
2a02:26f7:e644::/48
2a02:26f7:e680::/48
2a02:26f7:e682::/48
2a02:26f7:e684::/48
2a02:26f7:e688::/48
2a02:26f7:e68c::/48
2a02:26f7:e6c0::/48
2a02:26f7:e6c2::/48
2a02:26f7:e6cc::/48
2a02:26f7:e6d0::/48
2a02:26f7:e700::/48
2a02:26f7:e702::/48
2a02:26f7:e704::/48
2a02:26f7:e706::/48
2a02:26f7:e70c::/48
2a02:26f7:e740::/48
2a02:26f7:e742::/48
2a02:26f7:e744::/48
2a02:26f7:e74c::/48
2a02:26f7:e780::/48
2a02:26f7:e782::/48
2a02:26f7:e784::/48
2a02:26f7:e78c::/48
2a02:26f7:e7c0::/48
2a02:26f7:e7c2::/48
2a02:26f7:e7c4::/48
2a02:26f7:e7c8::/48
2a02:26f7:e7cc::/48
2a02:26f7:e7d0::/48
2a02:26f7:e7d4::/48
2a02:26f7:e800::/48
2a02:26f7:e802::/48
2a02:26f7:e804::/48
2a02:26f7:e80c::/48
2a02:26f7:e810::/48
2a02:26f7:e840::/48
2a02:26f7:e842::/48
2a02:26f7:e844::/48
2a02:26f7:e848::/48
2a02:26f7:e84c::/48
2a02:26f7:e850::/48
2a02:26f7:e880::/48
2a02:26f7:e882::/48
2a02:26f7:e88c::/48
2a02:26f7:e890::/48
2a02:26f7:e8c0::/48
2a02:26f7:e8c2::/48
2a02:26f7:e8c4::/48
2a02:26f7:e8c8::/48
2a02:26f7:e8cc::/48
2a02:26f7:e8d0::/48
2a02:26f7:e900::/48
2a02:26f7:e908::/48
2a02:26f7:e90c::/48
2a02:26f7:e910::/48
2a02:26f7:e914::/48
2a02:26f7:e940::/48
2a02:26f7:e942::/48
2a02:26f7:e944::/48
2a02:26f7:e948::/48
2a02:26f7:e94c::/48
2a02:26f7:e980::/48
2a02:26f7:e982::/48
2a02:26f7:e988::/48
2a02:26f7:e98c::/48
2a02:26f7:e9c0::/48
2a02:26f7:e9c2::/48
2a02:26f7:e9c4::/48
2a02:26f7:e9cc::/48
2a02:26f7:ea00::/48
2a02:26f7:ea02::/48
2a02:26f7:ea04::/48
2a02:26f7:ea40::/48
2a02:26f7:ea42::/48
2a02:26f7:ea48::/48
2a02:26f7:ea4c::/48
2a02:26f7:ea80::/48
2a02:26f7:ea82::/48
2a02:26f7:ea88::/48
2a02:26f7:ea8c::/48
2a02:26f7:ea90::/48
2a02:26f7:eb00::/48
2a02:26f7:eb04::/48
2a02:26f7:eb08::/48
2a02:26f7:eb40::/48
2a02:26f7:eb42::/48
2a02:26f7:eb48::/48
2a02:26f7:eb4c::/48
2a02:26f7:eb50::/48
2a02:26f7:eb80::/48
2a02:26f7:eb82::/48
2a02:26f7:eb84::/48
2a02:26f7:eb8c::/48
2a02:26f7:ebc0::/48
2a02:26f7:ebc2::/48
2a02:26f7:ebc4::/48
2a02:26f7:ebcc::/48
2a02:26f7:ec00::/48
2a02:26f7:ec04::/48
2a02:26f7:ec08::/48
2a02:26f7:ec0c::/48
2a02:26f7:ec10::/48
2a02:26f7:ec40::/48
2a02:26f7:ec44::/48
2a02:26f7:ec48::/48
2a02:26f7:ec4c::/48
2a02:26f7:ec50::/48
2a02:26f7:ec54::/48
2a02:26f7:ec58::/48
2a02:26f7:ec5c::/48
2a02:26f7:ec60::/48
2a02:26f7:ec64::/48
2a02:26f7:ec80::/48
2a02:26f7:ec84::/48
2a02:26f7:ec88::/48
2a02:26f7:ec8c::/48
2a02:26f7:ecc0::/48
2a02:26f7:ecc2::/48
2a02:26f7:ecc4::/48
2a02:26f7:eccc::/48
2a02:26f7:ed00::/48
2a02:26f7:ed02::/48
2a02:26f7:ed04::/48
2a02:26f7:ed0c::/48
2a02:26f7:ed40::/48
2a02:26f7:ed42::/48
2a02:26f7:ed48::/48
2a02:26f7:ed4c::/48
2a02:26f7:ed80::/48
2a02:26f7:ed88::/48
2a02:26f7:ed8c::/48
2a02:26f7:edc0::/48
2a02:26f7:edc2::/48
2a02:26f7:edc4::/48
2a02:26f7:edc8::/48
2a02:26f7:ee00::/48
2a02:26f7:ee08::/48
2a02:26f7:ee0c::/48
2a02:26f7:ee40::/48
2a02:26f7:ee42::/48
2a02:26f7:ee44::/48
2a02:26f7:ee48::/48
2a02:26f7:ee80::/48
2a02:26f7:ee88::/48
2a02:26f7:ee8c::/48
2a02:26f7:eec0::/48
2a02:26f7:eec2::/48
2a02:26f7:eec4::/48
2a02:26f7:eecc::/48
2a02:26f7:ef00::/48
2a02:26f7:ef02::/48
2a02:26f7:ef04::/48
2a02:26f7:ef0c::/48
2a02:26f7:ef10::/48
2a02:26f7:ef14::/48
2a02:26f7:ef40::/48
2a02:26f7:ef44::/48
2a02:26f7:ef48::/48
2a02:26f7:ef4c::/48
2a02:26f7:ef50::/48
2a02:26f7:ef80::/48
2a02:26f7:ef82::/48
2a02:26f7:ef84::/48
2a02:26f7:ef8c::/48
2a02:26f7:efc0::/48
2a02:26f7:efc8::/48
2a02:26f7:efcc::/48
2a02:26f7:f000::/48
2a02:26f7:f008::/48
2a02:26f7:f00c::/48
2a02:26f7:f040::/48
2a02:26f7:f044::/48
2a02:26f7:f048::/48
2a02:26f7:f080::/48
2a02:26f7:f082::/48
2a02:26f7:f084::/48
2a02:26f7:f088::/48
2a02:26f7:f08c::/48
2a02:26f7:f0c0::/48
2a02:26f7:f0c2::/48
2a02:26f7:f0c4::/48
2a02:26f7:f0cc::/48
2a02:26f7:f100::/48
2a02:26f7:f108::/48
2a02:26f7:f10c::/48
2a02:26f7:f140::/48
2a02:26f7:f144::/48
2a02:26f7:f148::/48
2a02:26f7:f180::/48
2a02:26f7:f182::/48
2a02:26f7:f184::/48
2a02:26f7:f188::/48
2a02:26f7:f1c0::/48
2a02:26f7:f1c4::/48
2a02:26f7:f1c8::/48
2a02:26f7:f200::/48
2a02:26f7:f204::/48
2a02:26f7:f208::/48
2a02:26f7:f240::/48
2a02:26f7:f244::/48
2a02:26f7:f248::/48
2a02:26f7:f280::/48
2a02:26f7:f284::/48
2a02:26f7:f288::/48
2a02:26f7:f2c0::/48
2a02:26f7:f2c2::/48
2a02:26f7:f2c4::/48
2a02:26f7:f2c8::/48
2a02:26f7:f300::/48
2a02:26f7:f304::/48
2a02:26f7:f308::/48
2a02:26f7:f340::/48
2a02:26f7:f342::/48
2a02:26f7:f348::/47
2a02:26f7:f34a::/48
2a02:26f7:f34c::/48
2a02:26f7:f380::/48
2a02:26f7:f382::/48
2a02:26f7:f384::/48
2a02:26f7:f388::/48
2a02:26f7:f3c0::/48
2a02:26f7:f3c2::/48
2a02:26f7:f3c4::/48
2a02:26f7:f3c8::/48
2a02:26f7:f400::/48
2a02:26f7:f404::/48
2a02:26f7:f408::/48
2a02:26f7:f40c::/48
2a02:26f7:f440::/48
2a02:26f7:f444::/48
2a02:26f7:f448::/48
2a02:26f7:f480::/48
2a02:26f7:f484::/48
2a02:26f7:f488::/48
2a02:26f7:f4c0::/48
2a02:26f7:f4c4::/48
2a02:26f7:f4c8::/48
2a02:26f7:f500::/48
2a02:26f7:f504::/48
2a02:26f7:f508::/48
2a02:26f7:f540::/48
2a02:26f7:f542::/48
2a02:26f7:f544::/48
2a02:26f7:f548::/48
2a02:26f7:f580::/48
2a02:26f7:f582::/48
2a02:26f7:f584::/48
2a02:26f7:f588::/48
2a02:26f7:f5c0::/48
2a02:26f7:f5c2::/48
2a02:26f7:f5c4::/48
2a02:26f7:f5c8::/48
2a02:26f7:f600::/48
2a02:26f7:f604::/48
2a02:26f7:f608::/48
2a02:26f7:f60c::/48
2a02:26f7:f640::/48
2a02:26f7:f642::/48
2a02:26f7:f644::/48
2a02:26f7:f648::/48
2a02:26f7:f680::/48
2a02:26f7:f682::/48
2a02:26f7:f684::/48
2a02:26f7:f688::/48
2a02:26f7:f6c0::/47
2a02:26f7:f6c4::/48
2a02:26f7:f6cc::/48
2a02:26f7:f6d0::/48
2a02:26f7:f6d4::/47
2a02:26f7:f6d8::/47
2a02:26f7:f6da::/48
2a02:26f7:f6dc::/48
2a02:26f7:f6e0::/47
2a02:26f7:f6e8::/47
2a02:26f7:f6ec::/46
2a02:26f7:f6f0::/46
2a02:26f7:f6f4::/48
2a02:26f7:f6f8::/47
2a02:26f7:f6fc::/48
2a02:26f7:f700::/48
2a02:26f7:f702::/48
2a02:26f7:f704::/48
2a02:26f7:f70c::/48
2a02:26f7:f710::/48
2a02:26f7:f740::/48
2a02:26f7:f743::/48
2a02:26f7:f744::/48
2a02:26f7:f74c::/48
2a02:26f7:f750::/48
2a02:26f7:f780::/48
2a02:26f7:f783::/48
2a02:26f7:f788::/48
2a02:26f7:f78c::/48
2a02:26f7:f790::/48
2a02:26f7:f794::/48
2a02:26f7:f798::/48
2a02:26f7:f7c0::/48
2a02:26f7:f7c2::/48
2a02:26f7:f7c4::/48
2a02:26f7:f7cc::/48
2a02:26f7:f7d0::/48
2a02:26f7:f7d4::/48
2a02:26f7:f7d8::/48
2a02:26f7:f800::/48
2a02:26f7:f803::/48
2a02:26f7:f80c::/48
2a02:26f7:f810::/48
2a02:26f7:f814::/48
2a02:26f7:f818::/48
2a02:26f7:f840::/48
2a02:26f7:f842::/48
2a02:26f7:f844::/48
2a02:26f7:f84c::/48
2a02:26f7:f850::/48
2a02:26f7:f880::/48
2a02:26f7:f882::/48
2a02:26f7:f884::/48
2a02:26f7:f88c::/48
2a02:26f7:f890::/48
2a02:26f7:f8c0::/48
2a02:26f7:f8c4::/48
2a02:26f7:f8c8::/48
2a02:26f7:f8cc::/48
2a02:26f7:f8d0::/47
2a02:26f7:f8d4::/48
2a02:26f7:f900::/48
2a02:26f7:f904::/48
2a02:26f7:f908::/48
2a02:26f7:f90c::/48
2a02:26f7:f940::/48
2a02:26f7:f944::/48
2a02:26f7:f94c::/48
2a02:26f7:f950::/48
2a02:26f7:f980::/48
2a02:26f7:f982::/48
2a02:26f7:f984::/48
2a02:26f7:f988::/48
2a02:26f7:f98c::/48
2a02:26f7:f9c0::/48
2a02:26f7:f9c4::/48
2a02:26f7:f9c8::/48
2a02:26f7:fa00::/48
2a02:26f7:fa02::/48
2a02:26f7:fa04::/48
2a02:26f7:fa08::/48
2a02:26f7:fa40::/48
2a02:26f7:fa44::/48
2a02:26f7:fa48::/48
2a02:26f7:fa80::/48
2a02:26f7:fa84::/48
2a02:26f7:fa88::/48
2a02:26f7:fac0::/48
2a02:26f7:fac4::/48
2a02:26f7:fac8::/48
2a02:26f7:facc::/48
2a02:26f7:fb00::/48
2a02:26f7:fb02::/48
2a02:26f7:fb04::/48
2a02:26f7:fb08::/48
2a02:26f7:fb40::/48
2a02:26f7:fb44::/48
2a02:26f7:fb48::/48
2a02:26f7:fb4c::/48
2a02:26f7:fb80::/48
2a02:26f7:fb84::/48
2a02:26f7:fb88::/48
2a02:26f7:fb8c::/48
2a02:26f7:fb90::/48
2a02:26f7:fbc0::/48
2a02:26f7:fbc2::/48
2a02:26f7:fbc4::/48
2a02:26f7:fbc8::/48
2a02:26f7:fbcc::/48
2a02:26f7:fc04::/48
2a02:26f7:fc08::/48
2a02:26f7:fc0c::/48
2a02:26f7:fc10::/48
2a02:26f7:fc14::/48
2a10:fa44::/48
